mode: count
github.com/Zeroaril7/perpustakaan-go/config/config.go:25.13,27.2 1 1
github.com/Zeroaril7/perpustakaan-go/config/config.go:29.19,32.16 2 1
github.com/Zeroaril7/perpustakaan-go/config/config.go:32.16,34.3 1 1
github.com/Zeroaril7/perpustakaan-go/config/config.go:36.2,47.3 1 1
github.com/Zeroaril7/perpustakaan-go/config/config.go:50.48,52.2 1 0
github.com/Zeroaril7/perpustakaan-go/config/config.go:54.26,56.2 1 6
github.com/Zeroaril7/perpustakaan-go/middlewares/access.go:10.46,11.54 1 0
github.com/Zeroaril7/perpustakaan-go/middlewares/access.go:11.54,12.37 1 0
github.com/Zeroaril7/perpustakaan-go/middlewares/access.go:12.37,13.48 1 0
github.com/Zeroaril7/perpustakaan-go/middlewares/access.go:13.48,15.5 1 0
github.com/Zeroaril7/perpustakaan-go/middlewares/access.go:17.4,21.18 4 0
github.com/Zeroaril7/perpustakaan-go/middlewares/apikey.go:8.55,11.62 1 0
github.com/Zeroaril7/perpustakaan-go/middlewares/apikey.go:11.62,13.4 1 0
github.com/Zeroaril7/perpustakaan-go/middlewares/basicauth.go:8.69,10.69 1 3
github.com/Zeroaril7/perpustakaan-go/middlewares/basicauth.go:10.69,12.4 1 0
github.com/Zeroaril7/perpustakaan-go/middlewares/jwtrsa.go:11.57,14.16 2 0
github.com/Zeroaril7/perpustakaan-go/middlewares/jwtrsa.go:14.16,16.3 1 0
github.com/Zeroaril7/perpustakaan-go/middlewares/jwtrsa.go:18.2,21.4 1 0
github.com/Zeroaril7/perpustakaan-go/modules/book/handlers/book_handler.go:28.79,40.2 8 1
github.com/Zeroaril7/perpustakaan-go/modules/book/handlers/book_handler.go:42.49,45.37 2 7
github.com/Zeroaril7/perpustakaan-go/modules/book/handlers/book_handler.go:45.37,47.3 1 1
github.com/Zeroaril7/perpustakaan-go/modules/book/handlers/book_handler.go:49.2,49.41 1 6
github.com/Zeroaril7/perpustakaan-go/modules/book/handlers/book_handler.go:49.41,51.3 1 1
github.com/Zeroaril7/perpustakaan-go/modules/book/handlers/book_handler.go:53.2,55.25 2 5
github.com/Zeroaril7/perpustakaan-go/modules/book/handlers/book_handler.go:55.25,57.3 1 1
github.com/Zeroaril7/perpustakaan-go/modules/book/handlers/book_handler.go:59.2,61.31 2 4
github.com/Zeroaril7/perpustakaan-go/modules/book/handlers/book_handler.go:61.31,63.3 1 4
github.com/Zeroaril7/perpustakaan-go/modules/book/handlers/book_handler.go:64.2,67.25 3 4
github.com/Zeroaril7/perpustakaan-go/modules/book/handlers/book_handler.go:67.25,69.3 1 2
github.com/Zeroaril7/perpustakaan-go/modules/book/handlers/book_handler.go:71.2,71.74 1 2
github.com/Zeroaril7/perpustakaan-go/modules/book/handlers/book_handler.go:75.52,80.59 3 5
github.com/Zeroaril7/perpustakaan-go/modules/book/handlers/book_handler.go:80.59,82.3 1 1
github.com/Zeroaril7/perpustakaan-go/modules/book/handlers/book_handler.go:84.2,86.25 2 4
github.com/Zeroaril7/perpustakaan-go/modules/book/handlers/book_handler.go:86.25,88.3 1 2
github.com/Zeroaril7/perpustakaan-go/modules/book/handlers/book_handler.go:90.2,90.69 1 2
github.com/Zeroaril7/perpustakaan-go/modules/book/handlers/book_handler.go:93.49,96.39 2 6
github.com/Zeroaril7/perpustakaan-go/modules/book/handlers/book_handler.go:96.39,98.3 1 1
github.com/Zeroaril7/perpustakaan-go/modules/book/handlers/book_handler.go:100.2,100.31 1 5
github.com/Zeroaril7/perpustakaan-go/modules/book/handlers/book_handler.go:100.31,102.3 1 5
github.com/Zeroaril7/perpustakaan-go/modules/book/handlers/book_handler.go:104.2,106.25 2 5
github.com/Zeroaril7/perpustakaan-go/modules/book/handlers/book_handler.go:106.25,108.3 1 3
github.com/Zeroaril7/perpustakaan-go/modules/book/handlers/book_handler.go:110.2,110.133 1 2
github.com/Zeroaril7/perpustakaan-go/modules/book/handlers/book_handler.go:114.57,119.25 3 4
github.com/Zeroaril7/perpustakaan-go/modules/book/handlers/book_handler.go:119.25,121.3 1 2
github.com/Zeroaril7/perpustakaan-go/modules/book/handlers/book_handler.go:123.2,123.74 1 2
github.com/Zeroaril7/perpustakaan-go/modules/book/handlers/book_handler.go:127.52,132.25 3 9
github.com/Zeroaril7/perpustakaan-go/modules/book/handlers/book_handler.go:132.25,134.3 1 2
github.com/Zeroaril7/perpustakaan-go/modules/book/handlers/book_handler.go:136.2,137.31 2 7
github.com/Zeroaril7/perpustakaan-go/modules/book/handlers/book_handler.go:137.31,139.3 1 1
github.com/Zeroaril7/perpustakaan-go/modules/book/handlers/book_handler.go:141.2,143.37 2 6
github.com/Zeroaril7/perpustakaan-go/modules/book/handlers/book_handler.go:143.37,145.3 1 1
github.com/Zeroaril7/perpustakaan-go/modules/book/handlers/book_handler.go:147.2,147.41 1 6
github.com/Zeroaril7/perpustakaan-go/modules/book/handlers/book_handler.go:147.41,149.3 1 2
github.com/Zeroaril7/perpustakaan-go/modules/book/handlers/book_handler.go:151.2,155.25 3 6
github.com/Zeroaril7/perpustakaan-go/modules/book/handlers/book_handler.go:155.25,157.3 1 4
github.com/Zeroaril7/perpustakaan-go/modules/book/handlers/book_handler.go:159.2,159.77 1 2
github.com/Zeroaril7/perpustakaan-go/modules/book/models/book.go:15.32,17.2 1 1
github.com/Zeroaril7/perpustakaan-go/modules/book/models/helper.go:11.39,22.2 9 10
github.com/Zeroaril7/perpustakaan-go/modules/book/models/helper.go:24.39,29.23 3 10
github.com/Zeroaril7/perpustakaan-go/modules/book/models/helper.go:29.23,32.3 2 4
github.com/Zeroaril7/perpustakaan-go/modules/book/models/helper.go:32.8,38.3 4 6
github.com/Zeroaril7/perpustakaan-go/modules/book/models/helper.go:40.2,40.15 1 10
github.com/Zeroaril7/perpustakaan-go/modules/book/repositories/book_repository.go:16.101,19.2 2 4
github.com/Zeroaril7/perpustakaan-go/modules/book/repositories/book_repository.go:22.76,24.2 1 4
github.com/Zeroaril7/perpustakaan-go/modules/book/repositories/book_repository.go:27.101,30.2 2 5
github.com/Zeroaril7/perpustakaan-go/modules/book/repositories/book_repository.go:33.107,36.2 2 13
github.com/Zeroaril7/perpustakaan-go/modules/book/repositories/book_repository.go:39.124,43.68 3 5
github.com/Zeroaril7/perpustakaan-go/modules/book/repositories/book_repository.go:43.68,45.3 1 1
github.com/Zeroaril7/perpustakaan-go/modules/book/repositories/book_repository.go:47.2,47.31 1 4
github.com/Zeroaril7/perpustakaan-go/modules/book/repositories/book_repository.go:47.31,49.3 1 4
github.com/Zeroaril7/perpustakaan-go/modules/book/repositories/book_repository.go:51.2,51.46 1 4
github.com/Zeroaril7/perpustakaan-go/modules/book/repositories/book_repository.go:51.46,53.3 1 2
github.com/Zeroaril7/perpustakaan-go/modules/book/repositories/book_repository.go:55.2,55.8 1 2
github.com/Zeroaril7/perpustakaan-go/modules/book/repositories/book_repository.go:59.104,62.2 2 6
github.com/Zeroaril7/perpustakaan-go/modules/book/repositories/book_repository.go:64.59,66.2 1 1
github.com/Zeroaril7/perpustakaan-go/modules/book/repositories/helper.go:8.66,9.23 1 5
github.com/Zeroaril7/perpustakaan-go/modules/book/repositories/helper.go:9.23,11.3 1 5
github.com/Zeroaril7/perpustakaan-go/modules/book/repositories/helper.go:13.2,13.26 1 5
github.com/Zeroaril7/perpustakaan-go/modules/book/repositories/helper.go:13.26,15.3 1 5
github.com/Zeroaril7/perpustakaan-go/modules/book/repositories/helper.go:17.2,17.29 1 5
github.com/Zeroaril7/perpustakaan-go/modules/book/repositories/helper.go:17.29,19.3 1 5
github.com/Zeroaril7/perpustakaan-go/modules/book/repositories/helper.go:21.2,21.11 1 5
github.com/Zeroaril7/perpustakaan-go/modules/book/usecases/book_usecase.go:17.86,20.12 2 4
github.com/Zeroaril7/perpustakaan-go/modules/book/usecases/book_usecase.go:20.12,25.17 3 4
github.com/Zeroaril7/perpustakaan-go/modules/book/usecases/book_usecase.go:25.17,28.4 2 2
github.com/Zeroaril7/perpustakaan-go/modules/book/usecases/book_usecase.go:30.3,30.39 1 2
github.com/Zeroaril7/perpustakaan-go/modules/book/usecases/book_usecase.go:33.2,33.15 1 4
github.com/Zeroaril7/perpustakaan-go/modules/book/usecases/book_usecase.go:37.87,40.12 2 4
github.com/Zeroaril7/perpustakaan-go/modules/book/usecases/book_usecase.go:40.12,45.17 3 4
github.com/Zeroaril7/perpustakaan-go/modules/book/usecases/book_usecase.go:45.17,48.4 2 2
github.com/Zeroaril7/perpustakaan-go/modules/book/usecases/book_usecase.go:50.3,50.27 1 2
github.com/Zeroaril7/perpustakaan-go/modules/book/usecases/book_usecase.go:53.2,53.15 1 4
github.com/Zeroaril7/perpustakaan-go/modules/book/usecases/book_usecase.go:57.94,60.12 2 5
github.com/Zeroaril7/perpustakaan-go/modules/book/usecases/book_usecase.go:60.12,65.17 3 5
github.com/Zeroaril7/perpustakaan-go/modules/book/usecases/book_usecase.go:65.17,68.4 2 3
github.com/Zeroaril7/perpustakaan-go/modules/book/usecases/book_usecase.go:70.3,70.53 1 2
github.com/Zeroaril7/perpustakaan-go/modules/book/usecases/book_usecase.go:73.2,73.15 1 5
github.com/Zeroaril7/perpustakaan-go/modules/book/usecases/book_usecase.go:77.86,80.12 2 5
github.com/Zeroaril7/perpustakaan-go/modules/book/usecases/book_usecase.go:80.12,85.17 3 5
github.com/Zeroaril7/perpustakaan-go/modules/book/usecases/book_usecase.go:85.17,88.4 2 1
github.com/Zeroaril7/perpustakaan-go/modules/book/usecases/book_usecase.go:90.3,90.39 1 4
github.com/Zeroaril7/perpustakaan-go/modules/book/usecases/book_usecase.go:93.2,93.15 1 5
github.com/Zeroaril7/perpustakaan-go/modules/book/usecases/book_usecase.go:97.92,100.12 2 13
github.com/Zeroaril7/perpustakaan-go/modules/book/usecases/book_usecase.go:100.12,105.17 3 13
github.com/Zeroaril7/perpustakaan-go/modules/book/usecases/book_usecase.go:105.17,108.4 2 4
github.com/Zeroaril7/perpustakaan-go/modules/book/usecases/book_usecase.go:110.3,110.39 1 9
github.com/Zeroaril7/perpustakaan-go/modules/book/usecases/book_usecase.go:113.2,113.15 1 13
github.com/Zeroaril7/perpustakaan-go/modules/book/usecases/book_usecase.go:117.89,120.12 2 6
github.com/Zeroaril7/perpustakaan-go/modules/book/usecases/book_usecase.go:120.12,125.17 3 6
github.com/Zeroaril7/perpustakaan-go/modules/book/usecases/book_usecase.go:125.17,128.4 2 4
github.com/Zeroaril7/perpustakaan-go/modules/book/usecases/book_usecase.go:130.3,130.39 1 2
github.com/Zeroaril7/perpustakaan-go/modules/book/usecases/book_usecase.go:133.2,133.15 1 6
github.com/Zeroaril7/perpustakaan-go/modules/book/usecases/book_usecase.go:136.78,138.2 1 1
github.com/Zeroaril7/perpustakaan-go/pkg/httperror/error.go:42.33,44.2 1 24
github.com/Zeroaril7/perpustakaan-go/pkg/httperror/error.go:46.37,48.2 1 3
github.com/Zeroaril7/perpustakaan-go/pkg/httperror/error.go:50.39,52.2 1 24
github.com/Zeroaril7/perpustakaan-go/pkg/httperror/error.go:54.47,56.15 2 6
github.com/Zeroaril7/perpustakaan-go/pkg/httperror/error.go:56.15,58.3 1 6
github.com/Zeroaril7/perpustakaan-go/pkg/httperror/error.go:58.8,60.3 1 0
github.com/Zeroaril7/perpustakaan-go/pkg/httperror/error.go:62.2,64.12 2 6
github.com/Zeroaril7/perpustakaan-go/pkg/httperror/error.go:67.51,70.15 2 1
github.com/Zeroaril7/perpustakaan-go/pkg/httperror/error.go:70.15,72.3 1 1
github.com/Zeroaril7/perpustakaan-go/pkg/httperror/error.go:72.8,74.3 1 0
github.com/Zeroaril7/perpustakaan-go/pkg/httperror/error.go:76.2,78.12 2 1
github.com/Zeroaril7/perpustakaan-go/pkg/httperror/error.go:81.55,84.15 2 0
github.com/Zeroaril7/perpustakaan-go/pkg/httperror/error.go:84.15,86.3 1 0
github.com/Zeroaril7/perpustakaan-go/pkg/httperror/error.go:86.8,88.3 1 0
github.com/Zeroaril7/perpustakaan-go/pkg/httperror/error.go:90.2,92.12 2 0
github.com/Zeroaril7/perpustakaan-go/pkg/httperror/error.go:95.43,98.15 2 1
github.com/Zeroaril7/perpustakaan-go/pkg/httperror/error.go:98.15,100.3 1 1
github.com/Zeroaril7/perpustakaan-go/pkg/httperror/error.go:100.8,102.3 1 0
github.com/Zeroaril7/perpustakaan-go/pkg/httperror/error.go:104.2,106.12 2 1
github.com/Zeroaril7/perpustakaan-go/pkg/httperror/error.go:109.43,112.15 2 3
github.com/Zeroaril7/perpustakaan-go/pkg/httperror/error.go:112.15,114.3 1 3
github.com/Zeroaril7/perpustakaan-go/pkg/httperror/error.go:114.8,116.3 1 0
github.com/Zeroaril7/perpustakaan-go/pkg/httperror/error.go:118.2,120.12 2 3
github.com/Zeroaril7/perpustakaan-go/pkg/httperror/error.go:123.65,126.15 2 16
github.com/Zeroaril7/perpustakaan-go/pkg/httperror/error.go:126.15,128.3 1 16
github.com/Zeroaril7/perpustakaan-go/pkg/httperror/error.go:128.8,130.3 1 0
github.com/Zeroaril7/perpustakaan-go/pkg/httperror/error.go:132.2,134.12 2 16
github.com/Zeroaril7/perpustakaan-go/pkg/httperror/error.go:137.35,139.2 1 6
github.com/Zeroaril7/perpustakaan-go/pkg/httperror/error.go:141.37,143.2 1 1
github.com/Zeroaril7/perpustakaan-go/pkg/httperror/error.go:145.34,147.2 1 0
github.com/Zeroaril7/perpustakaan-go/pkg/httperror/error.go:149.33,151.2 1 1
github.com/Zeroaril7/perpustakaan-go/pkg/httperror/error.go:153.33,155.2 1 3
github.com/Zeroaril7/perpustakaan-go/pkg/httperror/error.go:157.44,159.2 1 16
github.com/Zeroaril7/perpustakaan-go/pkg/sdk/jwtrsa/jwtrsa.go:23.48,25.16 2 0
github.com/Zeroaril7/perpustakaan-go/pkg/sdk/jwtrsa/jwtrsa.go:25.16,27.3 1 0
github.com/Zeroaril7/perpustakaan-go/pkg/sdk/jwtrsa/jwtrsa.go:29.2,31.12 2 0
github.com/Zeroaril7/perpustakaan-go/pkg/sdk/jwtrsa/jwtrsa.go:34.47,36.16 2 0
github.com/Zeroaril7/perpustakaan-go/pkg/sdk/jwtrsa/jwtrsa.go:36.16,38.3 1 0
github.com/Zeroaril7/perpustakaan-go/pkg/sdk/jwtrsa/jwtrsa.go:40.2,42.12 2 0
github.com/Zeroaril7/perpustakaan-go/pkg/sdk/jwtrsa/jwtrsa.go:45.58,48.16 2 0
github.com/Zeroaril7/perpustakaan-go/pkg/sdk/jwtrsa/jwtrsa.go:48.16,50.3 1 0
github.com/Zeroaril7/perpustakaan-go/pkg/sdk/jwtrsa/jwtrsa.go:52.2,52.24 1 0
github.com/Zeroaril7/perpustakaan-go/pkg/sdk/jwtrsa/jwtrsa.go:55.56,58.16 2 0
github.com/Zeroaril7/perpustakaan-go/pkg/sdk/jwtrsa/jwtrsa.go:58.16,60.3 1 0
github.com/Zeroaril7/perpustakaan-go/pkg/sdk/jwtrsa/jwtrsa.go:62.2,62.23 1 0
github.com/Zeroaril7/perpustakaan-go/pkg/sdk/jwtrsa/jwtrsa.go:65.92,67.16 2 0
github.com/Zeroaril7/perpustakaan-go/pkg/sdk/jwtrsa/jwtrsa.go:67.16,69.3 1 0
github.com/Zeroaril7/perpustakaan-go/pkg/sdk/jwtrsa/jwtrsa.go:71.2,75.33 3 0
github.com/Zeroaril7/perpustakaan-go/pkg/sdk/jwtrsa/jwtrsa.go:75.33,77.3 1 0
github.com/Zeroaril7/perpustakaan-go/pkg/sdk/jwtrsa/jwtrsa.go:79.2,83.22 4 0
github.com/Zeroaril7/perpustakaan-go/pkg/utils/string.go:14.42,16.14 2 34
github.com/Zeroaril7/perpustakaan-go/pkg/utils/string.go:16.14,18.3 1 0
github.com/Zeroaril7/perpustakaan-go/pkg/utils/string.go:19.2,19.18 1 34
github.com/Zeroaril7/perpustakaan-go/pkg/utils/string.go:20.14,21.22 1 18
github.com/Zeroaril7/perpustakaan-go/pkg/utils/string.go:22.11,23.33 1 6
github.com/Zeroaril7/perpustakaan-go/pkg/utils/string.go:24.13,25.44 1 0
github.com/Zeroaril7/perpustakaan-go/pkg/utils/string.go:26.12,27.40 1 0
github.com/Zeroaril7/perpustakaan-go/pkg/utils/string.go:28.15,29.57 1 0
github.com/Zeroaril7/perpustakaan-go/pkg/utils/string.go:30.15,31.31 1 0
github.com/Zeroaril7/perpustakaan-go/pkg/utils/string.go:32.10,34.17 2 10
github.com/Zeroaril7/perpustakaan-go/pkg/utils/string.go:34.17,36.4 1 10
github.com/Zeroaril7/perpustakaan-go/pkg/utils/string.go:36.9,38.4 1 0
github.com/Zeroaril7/perpustakaan-go/pkg/utils/string.go:41.2,41.15 1 34
github.com/Zeroaril7/perpustakaan-go/pkg/utils/string.go:44.36,46.18 2 6
github.com/Zeroaril7/perpustakaan-go/pkg/utils/string.go:47.14,49.32 2 6
github.com/Zeroaril7/perpustakaan-go/pkg/utils/string.go:50.11,51.24 1 0
github.com/Zeroaril7/perpustakaan-go/pkg/utils/string.go:52.13,53.26 1 0
github.com/Zeroaril7/perpustakaan-go/pkg/utils/string.go:54.15,55.28 1 0
github.com/Zeroaril7/perpustakaan-go/pkg/utils/string.go:56.14,57.47 1 0
github.com/Zeroaril7/perpustakaan-go/pkg/utils/string.go:58.10,59.18 1 0
github.com/Zeroaril7/perpustakaan-go/pkg/utils/string.go:62.2,62.15 1 6
github.com/Zeroaril7/perpustakaan-go/pkg/utils/string.go:65.40,67.18 2 0
github.com/Zeroaril7/perpustakaan-go/pkg/utils/string.go:68.14,70.44 2 0
github.com/Zeroaril7/perpustakaan-go/pkg/utils/string.go:71.11,72.26 1 0
github.com/Zeroaril7/perpustakaan-go/pkg/utils/string.go:73.13,74.28 1 0
github.com/Zeroaril7/perpustakaan-go/pkg/utils/string.go:75.15,76.30 1 0
github.com/Zeroaril7/perpustakaan-go/pkg/utils/string.go:77.14,78.59 1 0
github.com/Zeroaril7/perpustakaan-go/pkg/utils/string.go:79.10,80.20 1 0
github.com/Zeroaril7/perpustakaan-go/pkg/utils/string.go:83.2,83.15 1 0
github.com/Zeroaril7/perpustakaan-go/pkg/utils/string.go:86.31,88.2 1 10
github.com/Zeroaril7/perpustakaan-go/pkg/utils/string.go:90.48,93.21 2 10
github.com/Zeroaril7/perpustakaan-go/pkg/utils/string.go:94.9,95.43 1 10
github.com/Zeroaril7/perpustakaan-go/pkg/utils/string.go:96.9,97.42 1 0
github.com/Zeroaril7/perpustakaan-go/pkg/utils/string.go:98.9,99.41 1 0
github.com/Zeroaril7/perpustakaan-go/pkg/utils/string.go:100.9,101.21 1 0
github.com/Zeroaril7/perpustakaan-go/pkg/utils/string.go:103.2,103.18 1 10
github.com/Zeroaril7/perpustakaan-go/pkg/utils/string.go:106.43,110.2 2 0
github.com/Zeroaril7/perpustakaan-go/pkg/utils/string.go:112.52,116.2 2 0
github.com/Zeroaril7/perpustakaan-go/pkg/utils/wrapper.go:50.47,51.17 1 4
github.com/Zeroaril7/perpustakaan-go/pkg/utils/wrapper.go:51.17,53.3 1 4
github.com/Zeroaril7/perpustakaan-go/pkg/utils/wrapper.go:54.2,54.33 1 0
github.com/Zeroaril7/perpustakaan-go/pkg/utils/wrapper.go:57.46,59.2 1 4
github.com/Zeroaril7/perpustakaan-go/pkg/utils/wrapper.go:61.42,62.17 1 5
github.com/Zeroaril7/perpustakaan-go/pkg/utils/wrapper.go:62.17,64.3 1 0
github.com/Zeroaril7/perpustakaan-go/pkg/utils/wrapper.go:65.2,65.20 1 5
github.com/Zeroaril7/perpustakaan-go/pkg/utils/wrapper.go:65.20,67.3 1 0
github.com/Zeroaril7/perpustakaan-go/pkg/utils/wrapper.go:70.96,75.2 1 0
github.com/Zeroaril7/perpustakaan-go/pkg/utils/wrapper.go:77.70,83.2 1 2
github.com/Zeroaril7/perpustakaan-go/pkg/utils/wrapper.go:85.81,98.34 5 8
github.com/Zeroaril7/perpustakaan-go/pkg/utils/wrapper.go:98.34,100.3 1 8
github.com/Zeroaril7/perpustakaan-go/pkg/utils/wrapper.go:102.2,109.29 2 8
github.com/Zeroaril7/perpustakaan-go/pkg/utils/wrapper.go:112.138,125.34 5 2
github.com/Zeroaril7/perpustakaan-go/pkg/utils/wrapper.go:125.34,127.3 1 2
github.com/Zeroaril7/perpustakaan-go/pkg/utils/wrapper.go:129.2,136.35 2 2
github.com/Zeroaril7/perpustakaan-go/pkg/utils/wrapper.go:136.35,142.3 1 2
github.com/Zeroaril7/perpustakaan-go/pkg/utils/wrapper.go:144.2,144.29 1 2
github.com/Zeroaril7/perpustakaan-go/pkg/utils/wrapper.go:147.59,171.2 6 24
github.com/Zeroaril7/perpustakaan-go/pkg/utils/wrapper.go:173.30,175.2 1 10
github.com/Zeroaril7/perpustakaan-go/pkg/utils/wrapper.go:177.28,179.2 1 24
github.com/Zeroaril7/perpustakaan-go/pkg/utils/wrapper.go:181.66,184.27 2 24
github.com/Zeroaril7/perpustakaan-go/pkg/utils/wrapper.go:185.32,189.17 4 6
github.com/Zeroaril7/perpustakaan-go/pkg/utils/wrapper.go:190.34,194.17 4 1
github.com/Zeroaril7/perpustakaan-go/pkg/utils/wrapper.go:195.36,199.17 4 0
github.com/Zeroaril7/perpustakaan-go/pkg/utils/wrapper.go:200.30,204.17 4 1
github.com/Zeroaril7/perpustakaan-go/pkg/utils/wrapper.go:205.30,209.17 4 0
github.com/Zeroaril7/perpustakaan-go/pkg/utils/wrapper.go:210.41,214.17 4 16
github.com/Zeroaril7/perpustakaan-go/pkg/utils/wrapper.go:215.10,217.17 2 0
github.com/Zeroaril7/perpustakaan-go/pkg/validator/validator.go:15.58,17.35 2 12
github.com/Zeroaril7/perpustakaan-go/pkg/validator/validator.go:17.35,19.28 2 3
github.com/Zeroaril7/perpustakaan-go/pkg/validator/validator.go:19.28,21.4 1 3
github.com/Zeroaril7/perpustakaan-go/pkg/validator/validator.go:23.3,23.38 1 3
github.com/Zeroaril7/perpustakaan-go/pkg/validator/validator.go:26.2,26.12 1 9
github.com/Zeroaril7/perpustakaan-go/pkg/validator/validator.go:29.44,32.2 2 1
github.com/Zeroaril7/perpustakaan-go/config/config.go:25.13,27.2 1 1
github.com/Zeroaril7/perpustakaan-go/config/config.go:29.19,32.16 2 1
github.com/Zeroaril7/perpustakaan-go/config/config.go:32.16,34.3 1 1
github.com/Zeroaril7/perpustakaan-go/config/config.go:36.2,47.3 1 1
github.com/Zeroaril7/perpustakaan-go/config/config.go:50.48,52.2 1 0
github.com/Zeroaril7/perpustakaan-go/config/config.go:54.26,56.2 1 1
github.com/Zeroaril7/perpustakaan-go/middlewares/access.go:10.46,11.54 1 1
github.com/Zeroaril7/perpustakaan-go/middlewares/access.go:11.54,12.37 1 0
github.com/Zeroaril7/perpustakaan-go/middlewares/access.go:12.37,13.48 1 0
github.com/Zeroaril7/perpustakaan-go/middlewares/access.go:13.48,15.5 1 0
github.com/Zeroaril7/perpustakaan-go/middlewares/access.go:17.4,21.18 4 0
github.com/Zeroaril7/perpustakaan-go/middlewares/apikey.go:8.55,11.62 1 0
github.com/Zeroaril7/perpustakaan-go/middlewares/apikey.go:11.62,13.4 1 0
github.com/Zeroaril7/perpustakaan-go/middlewares/basicauth.go:8.69,10.69 1 0
github.com/Zeroaril7/perpustakaan-go/middlewares/basicauth.go:10.69,12.4 1 0
github.com/Zeroaril7/perpustakaan-go/middlewares/jwtrsa.go:11.57,14.16 2 1
github.com/Zeroaril7/perpustakaan-go/middlewares/jwtrsa.go:14.16,16.3 1 1
github.com/Zeroaril7/perpustakaan-go/middlewares/jwtrsa.go:18.2,21.4 1 1
github.com/Zeroaril7/perpustakaan-go/modules/book/models/book.go:15.32,17.2 1 1
github.com/Zeroaril7/perpustakaan-go/modules/book/models/helper.go:11.39,22.2 9 0
github.com/Zeroaril7/perpustakaan-go/modules/book/models/helper.go:24.39,29.23 3 0
github.com/Zeroaril7/perpustakaan-go/modules/book/models/helper.go:29.23,32.3 2 0
github.com/Zeroaril7/perpustakaan-go/modules/book/models/helper.go:32.8,38.3 4 0
github.com/Zeroaril7/perpustakaan-go/modules/book/models/helper.go:40.2,40.15 1 0
github.com/Zeroaril7/perpustakaan-go/modules/book/repositories/book_repository.go:16.101,19.2 2 0
github.com/Zeroaril7/perpustakaan-go/modules/book/repositories/book_repository.go:22.76,24.2 1 0
github.com/Zeroaril7/perpustakaan-go/modules/book/repositories/book_repository.go:27.101,30.2 2 0
github.com/Zeroaril7/perpustakaan-go/modules/book/repositories/book_repository.go:33.107,36.2 2 14
github.com/Zeroaril7/perpustakaan-go/modules/book/repositories/book_repository.go:39.124,43.68 3 0
github.com/Zeroaril7/perpustakaan-go/modules/book/repositories/book_repository.go:43.68,45.3 1 0
github.com/Zeroaril7/perpustakaan-go/modules/book/repositories/book_repository.go:47.2,47.31 1 0
github.com/Zeroaril7/perpustakaan-go/modules/book/repositories/book_repository.go:47.31,49.3 1 0
github.com/Zeroaril7/perpustakaan-go/modules/book/repositories/book_repository.go:51.2,51.46 1 0
github.com/Zeroaril7/perpustakaan-go/modules/book/repositories/book_repository.go:51.46,53.3 1 0
github.com/Zeroaril7/perpustakaan-go/modules/book/repositories/book_repository.go:55.2,55.8 1 0
github.com/Zeroaril7/perpustakaan-go/modules/book/repositories/book_repository.go:59.104,62.2 2 6
github.com/Zeroaril7/perpustakaan-go/modules/book/repositories/book_repository.go:64.59,66.2 1 1
github.com/Zeroaril7/perpustakaan-go/modules/book/repositories/helper.go:8.66,9.23 1 0
github.com/Zeroaril7/perpustakaan-go/modules/book/repositories/helper.go:9.23,11.3 1 0
github.com/Zeroaril7/perpustakaan-go/modules/book/repositories/helper.go:13.2,13.26 1 0
github.com/Zeroaril7/perpustakaan-go/modules/book/repositories/helper.go:13.26,15.3 1 0
github.com/Zeroaril7/perpustakaan-go/modules/book/repositories/helper.go:17.2,17.29 1 0
github.com/Zeroaril7/perpustakaan-go/modules/book/repositories/helper.go:17.29,19.3 1 0
github.com/Zeroaril7/perpustakaan-go/modules/book/repositories/helper.go:21.2,21.11 1 0
github.com/Zeroaril7/perpustakaan-go/modules/loan/handlers/loan_book.go:28.95,39.2 8 1
github.com/Zeroaril7/perpustakaan-go/modules/loan/handlers/loan_book.go:42.53,45.37 2 10
github.com/Zeroaril7/perpustakaan-go/modules/loan/handlers/loan_book.go:45.37,47.3 1 1
github.com/Zeroaril7/perpustakaan-go/modules/loan/handlers/loan_book.go:49.2,49.41 1 9
github.com/Zeroaril7/perpustakaan-go/modules/loan/handlers/loan_book.go:49.41,51.3 1 1
github.com/Zeroaril7/perpustakaan-go/modules/loan/handlers/loan_book.go:53.2,55.25 2 8
github.com/Zeroaril7/perpustakaan-go/modules/loan/handlers/loan_book.go:55.25,57.3 1 1
github.com/Zeroaril7/perpustakaan-go/modules/loan/handlers/loan_book.go:59.2,61.35 2 7
github.com/Zeroaril7/perpustakaan-go/modules/loan/handlers/loan_book.go:61.35,63.3 1 7
github.com/Zeroaril7/perpustakaan-go/modules/loan/handlers/loan_book.go:65.2,70.25 4 7
github.com/Zeroaril7/perpustakaan-go/modules/loan/handlers/loan_book.go:70.25,72.3 1 5
github.com/Zeroaril7/perpustakaan-go/modules/loan/handlers/loan_book.go:74.2,74.79 1 2
github.com/Zeroaril7/perpustakaan-go/modules/loan/handlers/loan_book.go:78.56,83.59 3 5
github.com/Zeroaril7/perpustakaan-go/modules/loan/handlers/loan_book.go:83.59,85.3 1 1
github.com/Zeroaril7/perpustakaan-go/modules/loan/handlers/loan_book.go:87.2,89.25 2 4
github.com/Zeroaril7/perpustakaan-go/modules/loan/handlers/loan_book.go:89.25,91.3 1 2
github.com/Zeroaril7/perpustakaan-go/modules/loan/handlers/loan_book.go:93.2,93.74 1 2
github.com/Zeroaril7/perpustakaan-go/modules/loan/handlers/loan_book.go:97.53,100.39 2 6
github.com/Zeroaril7/perpustakaan-go/modules/loan/handlers/loan_book.go:100.39,102.3 1 1
github.com/Zeroaril7/perpustakaan-go/modules/loan/handlers/loan_book.go:104.2,104.31 1 5
github.com/Zeroaril7/perpustakaan-go/modules/loan/handlers/loan_book.go:104.31,106.3 1 5
github.com/Zeroaril7/perpustakaan-go/modules/loan/handlers/loan_book.go:108.2,110.25 2 5
github.com/Zeroaril7/perpustakaan-go/modules/loan/handlers/loan_book.go:110.25,112.3 1 3
github.com/Zeroaril7/perpustakaan-go/modules/loan/handlers/loan_book.go:114.2,114.138 1 2
github.com/Zeroaril7/perpustakaan-go/modules/loan/handlers/loan_book.go:118.61,123.25 3 4
github.com/Zeroaril7/perpustakaan-go/modules/loan/handlers/loan_book.go:123.25,125.3 1 2
github.com/Zeroaril7/perpustakaan-go/modules/loan/handlers/loan_book.go:127.2,127.79 1 2
github.com/Zeroaril7/perpustakaan-go/modules/loan/handlers/loan_book.go:131.56,136.25 3 11
github.com/Zeroaril7/perpustakaan-go/modules/loan/handlers/loan_book.go:136.25,138.3 1 1
github.com/Zeroaril7/perpustakaan-go/modules/loan/handlers/loan_book.go:140.2,142.35 2 10
github.com/Zeroaril7/perpustakaan-go/modules/loan/handlers/loan_book.go:142.35,144.3 1 1
github.com/Zeroaril7/perpustakaan-go/modules/loan/handlers/loan_book.go:146.2,148.37 2 9
github.com/Zeroaril7/perpustakaan-go/modules/loan/handlers/loan_book.go:148.37,150.3 1 1
github.com/Zeroaril7/perpustakaan-go/modules/loan/handlers/loan_book.go:152.2,152.41 1 8
github.com/Zeroaril7/perpustakaan-go/modules/loan/handlers/loan_book.go:152.41,154.3 1 1
github.com/Zeroaril7/perpustakaan-go/modules/loan/handlers/loan_book.go:156.2,160.25 3 7
github.com/Zeroaril7/perpustakaan-go/modules/loan/handlers/loan_book.go:160.25,162.3 1 5
github.com/Zeroaril7/perpustakaan-go/modules/loan/handlers/loan_book.go:164.2,164.82 1 2
github.com/Zeroaril7/perpustakaan-go/modules/loan/models/helper.go:11.55,20.2 7 14
github.com/Zeroaril7/perpustakaan-go/modules/loan/models/helper.go:22.43,27.23 3 14
github.com/Zeroaril7/perpustakaan-go/modules/loan/models/helper.go:27.23,30.3 2 7
github.com/Zeroaril7/perpustakaan-go/modules/loan/models/helper.go:30.8,36.3 4 7
github.com/Zeroaril7/perpustakaan-go/modules/loan/models/helper.go:38.2,38.15 1 14
github.com/Zeroaril7/perpustakaan-go/modules/loan/models/loan_book.go:14.36,16.2 1 1
github.com/Zeroaril7/perpustakaan-go/modules/loan/repositories/helper.go:9.70,10.18 1 5
github.com/Zeroaril7/perpustakaan-go/modules/loan/repositories/helper.go:10.18,12.3 1 5
github.com/Zeroaril7/perpustakaan-go/modules/loan/repositories/helper.go:14.2,14.20 1 5
github.com/Zeroaril7/perpustakaan-go/modules/loan/repositories/helper.go:14.20,16.3 1 5
github.com/Zeroaril7/perpustakaan-go/modules/loan/repositories/helper.go:18.2,18.42 1 5
github.com/Zeroaril7/perpustakaan-go/modules/loan/repositories/helper.go:18.42,19.25 1 5
github.com/Zeroaril7/perpustakaan-go/modules/loan/repositories/helper.go:20.31,21.76 1 1
github.com/Zeroaril7/perpustakaan-go/modules/loan/repositories/helper.go:22.29,23.74 1 1
github.com/Zeroaril7/perpustakaan-go/modules/loan/repositories/helper.go:27.2,27.11 1 5
github.com/Zeroaril7/perpustakaan-go/modules/loan/repositories/loan_book_repository.go:16.113,19.2 2 5
github.com/Zeroaril7/perpustakaan-go/modules/loan/repositories/loan_book_repository.go:22.80,24.2 1 4
github.com/Zeroaril7/perpustakaan-go/modules/loan/repositories/loan_book_repository.go:27.136,31.72 3 5
github.com/Zeroaril7/perpustakaan-go/modules/loan/repositories/loan_book_repository.go:31.72,33.3 1 1
github.com/Zeroaril7/perpustakaan-go/modules/loan/repositories/loan_book_repository.go:35.2,35.31 1 4
github.com/Zeroaril7/perpustakaan-go/modules/loan/repositories/loan_book_repository.go:35.31,37.3 1 4
github.com/Zeroaril7/perpustakaan-go/modules/loan/repositories/loan_book_repository.go:39.2,39.46 1 4
github.com/Zeroaril7/perpustakaan-go/modules/loan/repositories/loan_book_repository.go:39.46,41.3 1 2
github.com/Zeroaril7/perpustakaan-go/modules/loan/repositories/loan_book_repository.go:43.2,43.8 1 2
github.com/Zeroaril7/perpustakaan-go/modules/loan/repositories/loan_book_repository.go:47.115,50.2 2 15
github.com/Zeroaril7/perpustakaan-go/modules/loan/repositories/loan_book_repository.go:53.112,56.2 2 8
github.com/Zeroaril7/perpustakaan-go/modules/loan/repositories/loan_book_repository.go:59.116,62.2 2 5
github.com/Zeroaril7/perpustakaan-go/modules/loan/repositories/loan_book_repository.go:64.67,66.2 1 1
github.com/Zeroaril7/perpustakaan-go/modules/loan/usecases/loan_book_usecase.go:21.94,24.12 2 7
github.com/Zeroaril7/perpustakaan-go/modules/loan/usecases/loan_book_usecase.go:24.12,29.17 3 7
github.com/Zeroaril7/perpustakaan-go/modules/loan/usecases/loan_book_usecase.go:29.17,32.4 2 1
github.com/Zeroaril7/perpustakaan-go/modules/loan/usecases/loan_book_usecase.go:34.3,34.35 1 6
github.com/Zeroaril7/perpustakaan-go/modules/loan/usecases/loan_book_usecase.go:34.35,37.4 2 1
github.com/Zeroaril7/perpustakaan-go/modules/loan/usecases/loan_book_usecase.go:39.3,43.17 3 5
github.com/Zeroaril7/perpustakaan-go/modules/loan/usecases/loan_book_usecase.go:43.17,46.4 2 2
github.com/Zeroaril7/perpustakaan-go/modules/loan/usecases/loan_book_usecase.go:48.3,52.17 3 3
github.com/Zeroaril7/perpustakaan-go/modules/loan/usecases/loan_book_usecase.go:52.17,55.4 2 1
github.com/Zeroaril7/perpustakaan-go/modules/loan/usecases/loan_book_usecase.go:57.3,57.39 1 2
github.com/Zeroaril7/perpustakaan-go/modules/loan/usecases/loan_book_usecase.go:60.2,60.15 1 7
github.com/Zeroaril7/perpustakaan-go/modules/loan/usecases/loan_book_usecase.go:64.91,67.12 2 4
github.com/Zeroaril7/perpustakaan-go/modules/loan/usecases/loan_book_usecase.go:67.12,72.17 3 4
github.com/Zeroaril7/perpustakaan-go/modules/loan/usecases/loan_book_usecase.go:72.17,75.4 2 2
github.com/Zeroaril7/perpustakaan-go/modules/loan/usecases/loan_book_usecase.go:77.3,77.27 1 2
github.com/Zeroaril7/perpustakaan-go/modules/loan/usecases/loan_book_usecase.go:80.2,80.15 1 4
github.com/Zeroaril7/perpustakaan-go/modules/loan/usecases/loan_book_usecase.go:84.102,87.12 2 5
github.com/Zeroaril7/perpustakaan-go/modules/loan/usecases/loan_book_usecase.go:87.12,92.17 3 5
github.com/Zeroaril7/perpustakaan-go/modules/loan/usecases/loan_book_usecase.go:92.17,95.4 2 3
github.com/Zeroaril7/perpustakaan-go/modules/loan/usecases/loan_book_usecase.go:97.3,97.53 1 2
github.com/Zeroaril7/perpustakaan-go/modules/loan/usecases/loan_book_usecase.go:100.2,100.15 1 5
github.com/Zeroaril7/perpustakaan-go/modules/loan/usecases/loan_book_usecase.go:104.96,107.12 2 15
github.com/Zeroaril7/perpustakaan-go/modules/loan/usecases/loan_book_usecase.go:107.12,112.17 3 15
github.com/Zeroaril7/perpustakaan-go/modules/loan/usecases/loan_book_usecase.go:112.17,115.4 2 3
github.com/Zeroaril7/perpustakaan-go/modules/loan/usecases/loan_book_usecase.go:117.3,117.39 1 12
github.com/Zeroaril7/perpustakaan-go/modules/loan/usecases/loan_book_usecase.go:120.2,120.15 1 15
github.com/Zeroaril7/perpustakaan-go/modules/loan/usecases/loan_book_usecase.go:124.89,127.12 2 8
github.com/Zeroaril7/perpustakaan-go/modules/loan/usecases/loan_book_usecase.go:127.12,132.17 3 8
github.com/Zeroaril7/perpustakaan-go/modules/loan/usecases/loan_book_usecase.go:132.17,135.4 2 1
github.com/Zeroaril7/perpustakaan-go/modules/loan/usecases/loan_book_usecase.go:137.3,137.39 1 7
github.com/Zeroaril7/perpustakaan-go/modules/loan/usecases/loan_book_usecase.go:140.2,140.15 1 8
github.com/Zeroaril7/perpustakaan-go/modules/loan/usecases/loan_book_usecase.go:144.97,147.12 2 7
github.com/Zeroaril7/perpustakaan-go/modules/loan/usecases/loan_book_usecase.go:147.12,152.17 3 7
github.com/Zeroaril7/perpustakaan-go/modules/loan/usecases/loan_book_usecase.go:152.17,155.4 2 1
github.com/Zeroaril7/perpustakaan-go/modules/loan/usecases/loan_book_usecase.go:157.3,157.35 1 6
github.com/Zeroaril7/perpustakaan-go/modules/loan/usecases/loan_book_usecase.go:157.35,160.4 2 1
github.com/Zeroaril7/perpustakaan-go/modules/loan/usecases/loan_book_usecase.go:162.3,164.17 2 5
github.com/Zeroaril7/perpustakaan-go/modules/loan/usecases/loan_book_usecase.go:164.17,167.4 2 2
github.com/Zeroaril7/perpustakaan-go/modules/loan/usecases/loan_book_usecase.go:169.3,169.24 1 3
github.com/Zeroaril7/perpustakaan-go/modules/loan/usecases/loan_book_usecase.go:170.36,171.47 1 0
github.com/Zeroaril7/perpustakaan-go/modules/loan/usecases/loan_book_usecase.go:172.36,173.44 1 3
github.com/Zeroaril7/perpustakaan-go/modules/loan/usecases/loan_book_usecase.go:176.3,178.17 2 3
github.com/Zeroaril7/perpustakaan-go/modules/loan/usecases/loan_book_usecase.go:178.17,181.4 2 1
github.com/Zeroaril7/perpustakaan-go/modules/loan/usecases/loan_book_usecase.go:183.3,183.39 1 2
github.com/Zeroaril7/perpustakaan-go/modules/loan/usecases/loan_book_usecase.go:186.2,186.15 1 7
github.com/Zeroaril7/perpustakaan-go/modules/loan/usecases/loan_book_usecase.go:189.135,191.2 1 1
github.com/Zeroaril7/perpustakaan-go/pkg/httperror/error.go:42.33,44.2 1 26
github.com/Zeroaril7/perpustakaan-go/pkg/httperror/error.go:46.37,48.2 1 2
github.com/Zeroaril7/perpustakaan-go/pkg/httperror/error.go:50.39,52.2 1 26
github.com/Zeroaril7/perpustakaan-go/pkg/httperror/error.go:54.47,56.15 2 5
github.com/Zeroaril7/perpustakaan-go/pkg/httperror/error.go:56.15,58.3 1 5
github.com/Zeroaril7/perpustakaan-go/pkg/httperror/error.go:58.8,60.3 1 0
github.com/Zeroaril7/perpustakaan-go/pkg/httperror/error.go:62.2,64.12 2 5
github.com/Zeroaril7/perpustakaan-go/pkg/httperror/error.go:67.51,70.15 2 1
github.com/Zeroaril7/perpustakaan-go/pkg/httperror/error.go:70.15,72.3 1 1
github.com/Zeroaril7/perpustakaan-go/pkg/httperror/error.go:72.8,74.3 1 0
github.com/Zeroaril7/perpustakaan-go/pkg/httperror/error.go:76.2,78.12 2 1
github.com/Zeroaril7/perpustakaan-go/pkg/httperror/error.go:81.55,84.15 2 0
github.com/Zeroaril7/perpustakaan-go/pkg/httperror/error.go:84.15,86.3 1 0
github.com/Zeroaril7/perpustakaan-go/pkg/httperror/error.go:86.8,88.3 1 0
github.com/Zeroaril7/perpustakaan-go/pkg/httperror/error.go:90.2,92.12 2 0
github.com/Zeroaril7/perpustakaan-go/pkg/httperror/error.go:95.43,98.15 2 3
github.com/Zeroaril7/perpustakaan-go/pkg/httperror/error.go:98.15,100.3 1 3
github.com/Zeroaril7/perpustakaan-go/pkg/httperror/error.go:100.8,102.3 1 0
github.com/Zeroaril7/perpustakaan-go/pkg/httperror/error.go:104.2,106.12 2 3
github.com/Zeroaril7/perpustakaan-go/pkg/httperror/error.go:109.43,112.15 2 2
github.com/Zeroaril7/perpustakaan-go/pkg/httperror/error.go:112.15,114.3 1 2
github.com/Zeroaril7/perpustakaan-go/pkg/httperror/error.go:114.8,116.3 1 0
github.com/Zeroaril7/perpustakaan-go/pkg/httperror/error.go:118.2,120.12 2 2
github.com/Zeroaril7/perpustakaan-go/pkg/httperror/error.go:123.65,126.15 2 17
github.com/Zeroaril7/perpustakaan-go/pkg/httperror/error.go:126.15,128.3 1 17
github.com/Zeroaril7/perpustakaan-go/pkg/httperror/error.go:128.8,130.3 1 0
github.com/Zeroaril7/perpustakaan-go/pkg/httperror/error.go:132.2,134.12 2 17
github.com/Zeroaril7/perpustakaan-go/pkg/httperror/error.go:137.35,139.2 1 5
github.com/Zeroaril7/perpustakaan-go/pkg/httperror/error.go:141.37,143.2 1 1
github.com/Zeroaril7/perpustakaan-go/pkg/httperror/error.go:145.34,147.2 1 0
github.com/Zeroaril7/perpustakaan-go/pkg/httperror/error.go:149.33,151.2 1 3
github.com/Zeroaril7/perpustakaan-go/pkg/httperror/error.go:153.33,155.2 1 2
github.com/Zeroaril7/perpustakaan-go/pkg/httperror/error.go:157.44,159.2 1 17
github.com/Zeroaril7/perpustakaan-go/pkg/sdk/jwtrsa/jwtrsa.go:23.48,25.16 2 0
github.com/Zeroaril7/perpustakaan-go/pkg/sdk/jwtrsa/jwtrsa.go:25.16,27.3 1 0
github.com/Zeroaril7/perpustakaan-go/pkg/sdk/jwtrsa/jwtrsa.go:29.2,31.12 2 0
github.com/Zeroaril7/perpustakaan-go/pkg/sdk/jwtrsa/jwtrsa.go:34.47,36.16 2 1
github.com/Zeroaril7/perpustakaan-go/pkg/sdk/jwtrsa/jwtrsa.go:36.16,38.3 1 1
github.com/Zeroaril7/perpustakaan-go/pkg/sdk/jwtrsa/jwtrsa.go:40.2,42.12 2 0
github.com/Zeroaril7/perpustakaan-go/pkg/sdk/jwtrsa/jwtrsa.go:45.58,48.16 2 0
github.com/Zeroaril7/perpustakaan-go/pkg/sdk/jwtrsa/jwtrsa.go:48.16,50.3 1 0
github.com/Zeroaril7/perpustakaan-go/pkg/sdk/jwtrsa/jwtrsa.go:52.2,52.24 1 0
github.com/Zeroaril7/perpustakaan-go/pkg/sdk/jwtrsa/jwtrsa.go:55.56,58.16 2 1
github.com/Zeroaril7/perpustakaan-go/pkg/sdk/jwtrsa/jwtrsa.go:58.16,60.3 1 1
github.com/Zeroaril7/perpustakaan-go/pkg/sdk/jwtrsa/jwtrsa.go:62.2,62.23 1 0
github.com/Zeroaril7/perpustakaan-go/pkg/sdk/jwtrsa/jwtrsa.go:65.92,67.16 2 0
github.com/Zeroaril7/perpustakaan-go/pkg/sdk/jwtrsa/jwtrsa.go:67.16,69.3 1 0
github.com/Zeroaril7/perpustakaan-go/pkg/sdk/jwtrsa/jwtrsa.go:71.2,75.33 3 0
github.com/Zeroaril7/perpustakaan-go/pkg/sdk/jwtrsa/jwtrsa.go:75.33,77.3 1 0
github.com/Zeroaril7/perpustakaan-go/pkg/sdk/jwtrsa/jwtrsa.go:79.2,83.22 4 0
github.com/Zeroaril7/perpustakaan-go/pkg/utils/string.go:14.42,16.14 2 27
github.com/Zeroaril7/perpustakaan-go/pkg/utils/string.go:16.14,18.3 1 0
github.com/Zeroaril7/perpustakaan-go/pkg/utils/string.go:19.2,19.18 1 27
github.com/Zeroaril7/perpustakaan-go/pkg/utils/string.go:20.14,21.22 1 20
github.com/Zeroaril7/perpustakaan-go/pkg/utils/string.go:22.11,23.33 1 7
github.com/Zeroaril7/perpustakaan-go/pkg/utils/string.go:24.13,25.44 1 0
github.com/Zeroaril7/perpustakaan-go/pkg/utils/string.go:26.12,27.40 1 0
github.com/Zeroaril7/perpustakaan-go/pkg/utils/string.go:28.15,29.57 1 0
github.com/Zeroaril7/perpustakaan-go/pkg/utils/string.go:30.15,31.31 1 0
github.com/Zeroaril7/perpustakaan-go/pkg/utils/string.go:32.10,34.17 2 0
github.com/Zeroaril7/perpustakaan-go/pkg/utils/string.go:34.17,36.4 1 0
github.com/Zeroaril7/perpustakaan-go/pkg/utils/string.go:36.9,38.4 1 0
github.com/Zeroaril7/perpustakaan-go/pkg/utils/string.go:41.2,41.15 1 27
github.com/Zeroaril7/perpustakaan-go/pkg/utils/string.go:44.36,46.18 2 7
github.com/Zeroaril7/perpustakaan-go/pkg/utils/string.go:47.14,49.32 2 7
github.com/Zeroaril7/perpustakaan-go/pkg/utils/string.go:50.11,51.24 1 0
github.com/Zeroaril7/perpustakaan-go/pkg/utils/string.go:52.13,53.26 1 0
github.com/Zeroaril7/perpustakaan-go/pkg/utils/string.go:54.15,55.28 1 0
github.com/Zeroaril7/perpustakaan-go/pkg/utils/string.go:56.14,57.47 1 0
github.com/Zeroaril7/perpustakaan-go/pkg/utils/string.go:58.10,59.18 1 0
github.com/Zeroaril7/perpustakaan-go/pkg/utils/string.go:62.2,62.15 1 7
github.com/Zeroaril7/perpustakaan-go/pkg/utils/string.go:65.40,67.18 2 0
github.com/Zeroaril7/perpustakaan-go/pkg/utils/string.go:68.14,70.44 2 0
github.com/Zeroaril7/perpustakaan-go/pkg/utils/string.go:71.11,72.26 1 0
github.com/Zeroaril7/perpustakaan-go/pkg/utils/string.go:73.13,74.28 1 0
github.com/Zeroaril7/perpustakaan-go/pkg/utils/string.go:75.15,76.30 1 0
github.com/Zeroaril7/perpustakaan-go/pkg/utils/string.go:77.14,78.59 1 0
github.com/Zeroaril7/perpustakaan-go/pkg/utils/string.go:79.10,80.20 1 0
github.com/Zeroaril7/perpustakaan-go/pkg/utils/string.go:83.2,83.15 1 0
github.com/Zeroaril7/perpustakaan-go/pkg/utils/string.go:86.31,88.2 1 0
github.com/Zeroaril7/perpustakaan-go/pkg/utils/string.go:90.48,93.21 2 14
github.com/Zeroaril7/perpustakaan-go/pkg/utils/string.go:94.9,95.43 1 14
github.com/Zeroaril7/perpustakaan-go/pkg/utils/string.go:96.9,97.42 1 0
github.com/Zeroaril7/perpustakaan-go/pkg/utils/string.go:98.9,99.41 1 0
github.com/Zeroaril7/perpustakaan-go/pkg/utils/string.go:100.9,101.21 1 0
github.com/Zeroaril7/perpustakaan-go/pkg/utils/string.go:103.2,103.18 1 14
github.com/Zeroaril7/perpustakaan-go/pkg/utils/string.go:106.43,110.2 2 0
github.com/Zeroaril7/perpustakaan-go/pkg/utils/string.go:112.52,116.2 2 0
github.com/Zeroaril7/perpustakaan-go/pkg/utils/wrapper.go:50.47,51.17 1 4
github.com/Zeroaril7/perpustakaan-go/pkg/utils/wrapper.go:51.17,53.3 1 4
github.com/Zeroaril7/perpustakaan-go/pkg/utils/wrapper.go:54.2,54.33 1 0
github.com/Zeroaril7/perpustakaan-go/pkg/utils/wrapper.go:57.46,59.2 1 4
github.com/Zeroaril7/perpustakaan-go/pkg/utils/wrapper.go:61.42,62.17 1 5
github.com/Zeroaril7/perpustakaan-go/pkg/utils/wrapper.go:62.17,64.3 1 0
github.com/Zeroaril7/perpustakaan-go/pkg/utils/wrapper.go:65.2,65.20 1 5
github.com/Zeroaril7/perpustakaan-go/pkg/utils/wrapper.go:65.20,67.3 1 0
github.com/Zeroaril7/perpustakaan-go/pkg/utils/wrapper.go:70.96,75.2 1 0
github.com/Zeroaril7/perpustakaan-go/pkg/utils/wrapper.go:77.70,83.2 1 2
github.com/Zeroaril7/perpustakaan-go/pkg/utils/wrapper.go:85.81,98.34 5 8
github.com/Zeroaril7/perpustakaan-go/pkg/utils/wrapper.go:98.34,100.3 1 8
github.com/Zeroaril7/perpustakaan-go/pkg/utils/wrapper.go:102.2,109.29 2 8
github.com/Zeroaril7/perpustakaan-go/pkg/utils/wrapper.go:112.138,125.34 5 2
github.com/Zeroaril7/perpustakaan-go/pkg/utils/wrapper.go:125.34,127.3 1 2
github.com/Zeroaril7/perpustakaan-go/pkg/utils/wrapper.go:129.2,136.35 2 2
github.com/Zeroaril7/perpustakaan-go/pkg/utils/wrapper.go:136.35,142.3 1 2
github.com/Zeroaril7/perpustakaan-go/pkg/utils/wrapper.go:144.2,144.29 1 2
github.com/Zeroaril7/perpustakaan-go/pkg/utils/wrapper.go:147.59,171.2 6 26
github.com/Zeroaril7/perpustakaan-go/pkg/utils/wrapper.go:173.30,175.2 1 10
github.com/Zeroaril7/perpustakaan-go/pkg/utils/wrapper.go:177.28,179.2 1 26
github.com/Zeroaril7/perpustakaan-go/pkg/utils/wrapper.go:181.66,184.27 2 26
github.com/Zeroaril7/perpustakaan-go/pkg/utils/wrapper.go:185.32,189.17 4 5
github.com/Zeroaril7/perpustakaan-go/pkg/utils/wrapper.go:190.34,194.17 4 1
github.com/Zeroaril7/perpustakaan-go/pkg/utils/wrapper.go:195.36,199.17 4 0
github.com/Zeroaril7/perpustakaan-go/pkg/utils/wrapper.go:200.30,204.17 4 3
github.com/Zeroaril7/perpustakaan-go/pkg/utils/wrapper.go:205.30,209.17 4 0
github.com/Zeroaril7/perpustakaan-go/pkg/utils/wrapper.go:210.41,214.17 4 17
github.com/Zeroaril7/perpustakaan-go/pkg/utils/wrapper.go:215.10,217.17 2 0
github.com/Zeroaril7/perpustakaan-go/pkg/validator/validator.go:15.58,17.35 2 17
github.com/Zeroaril7/perpustakaan-go/pkg/validator/validator.go:17.35,19.28 2 2
github.com/Zeroaril7/perpustakaan-go/pkg/validator/validator.go:19.28,21.4 1 2
github.com/Zeroaril7/perpustakaan-go/pkg/validator/validator.go:23.3,23.38 1 2
github.com/Zeroaril7/perpustakaan-go/pkg/validator/validator.go:26.2,26.12 1 15
github.com/Zeroaril7/perpustakaan-go/pkg/validator/validator.go:29.44,32.2 2 1
github.com/Zeroaril7/perpustakaan-go/config/config.go:25.13,27.2 1 1
github.com/Zeroaril7/perpustakaan-go/config/config.go:29.19,32.16 2 2
github.com/Zeroaril7/perpustakaan-go/config/config.go:32.16,34.3 1 2
github.com/Zeroaril7/perpustakaan-go/config/config.go:36.2,47.3 1 2
github.com/Zeroaril7/perpustakaan-go/config/config.go:50.48,52.2 1 0
github.com/Zeroaril7/perpustakaan-go/config/config.go:54.26,56.2 1 21
github.com/Zeroaril7/perpustakaan-go/modules/auth/handlers/auth_handler.go:22.51,25.44 2 9
github.com/Zeroaril7/perpustakaan-go/modules/auth/handlers/auth_handler.go:25.44,27.3 1 1
github.com/Zeroaril7/perpustakaan-go/modules/auth/handlers/auth_handler.go:29.2,29.48 1 8
github.com/Zeroaril7/perpustakaan-go/modules/auth/handlers/auth_handler.go:29.48,31.3 1 1
github.com/Zeroaril7/perpustakaan-go/modules/auth/handlers/auth_handler.go:33.2,35.25 2 7
github.com/Zeroaril7/perpustakaan-go/modules/auth/handlers/auth_handler.go:35.25,37.3 1 5
github.com/Zeroaril7/perpustakaan-go/modules/auth/handlers/auth_handler.go:39.2,39.71 1 2
github.com/Zeroaril7/perpustakaan-go/modules/auth/handlers/auth_handler.go:42.79,51.2 4 1
github.com/Zeroaril7/perpustakaan-go/modules/auth/usecases/auth_usecase.go:26.107,29.12 2 7
github.com/Zeroaril7/perpustakaan-go/modules/auth/usecases/auth_usecase.go:29.12,34.17 3 7
github.com/Zeroaril7/perpustakaan-go/modules/auth/usecases/auth_usecase.go:34.17,35.46 1 2
github.com/Zeroaril7/perpustakaan-go/modules/auth/usecases/auth_usecase.go:35.46,38.5 2 1
github.com/Zeroaril7/perpustakaan-go/modules/auth/usecases/auth_usecase.go:38.10,41.5 2 1
github.com/Zeroaril7/perpustakaan-go/modules/auth/usecases/auth_usecase.go:42.9,42.47 1 5
github.com/Zeroaril7/perpustakaan-go/modules/auth/usecases/auth_usecase.go:42.47,45.4 2 1
github.com/Zeroaril7/perpustakaan-go/modules/auth/usecases/auth_usecase.go:47.3,47.57 1 4
github.com/Zeroaril7/perpustakaan-go/modules/auth/usecases/auth_usecase.go:47.57,50.4 2 1
github.com/Zeroaril7/perpustakaan-go/modules/auth/usecases/auth_usecase.go:52.3,53.17 2 3
github.com/Zeroaril7/perpustakaan-go/modules/auth/usecases/auth_usecase.go:53.17,56.4 2 1
github.com/Zeroaril7/perpustakaan-go/modules/auth/usecases/auth_usecase.go:58.3,58.45 1 2
github.com/Zeroaril7/perpustakaan-go/modules/auth/usecases/auth_usecase.go:62.2,62.15 1 7
github.com/Zeroaril7/perpustakaan-go/modules/auth/usecases/auth_usecase.go:66.73,69.2 2 4
github.com/Zeroaril7/perpustakaan-go/modules/auth/usecases/auth_usecase.go:71.145,90.2 6 3
github.com/Zeroaril7/perpustakaan-go/modules/auth/usecases/auth_usecase.go:92.123,102.2 6 3
github.com/Zeroaril7/perpustakaan-go/modules/auth/usecases/auth_usecase.go:104.67,110.40 4 3
github.com/Zeroaril7/perpustakaan-go/modules/auth/usecases/auth_usecase.go:110.40,114.3 3 12
github.com/Zeroaril7/perpustakaan-go/modules/auth/usecases/auth_usecase.go:116.2,116.15 1 3
github.com/Zeroaril7/perpustakaan-go/modules/auth/usecases/auth_usecase.go:119.82,123.2 1 1
github.com/Zeroaril7/perpustakaan-go/modules/user/models/helper.go:3.39,9.2 4 0
github.com/Zeroaril7/perpustakaan-go/modules/user/models/user.go:10.32,12.2 1 1
github.com/Zeroaril7/perpustakaan-go/modules/user/repositories/helper.go:8.66,9.18 1 0
github.com/Zeroaril7/perpustakaan-go/modules/user/repositories/helper.go:9.18,11.3 1 0
github.com/Zeroaril7/perpustakaan-go/modules/user/repositories/helper.go:13.2,13.11 1 0
github.com/Zeroaril7/perpustakaan-go/modules/user/repositories/user_repository.go:16.101,19.2 2 0
github.com/Zeroaril7/perpustakaan-go/modules/user/repositories/user_repository.go:22.77,24.2 1 0
github.com/Zeroaril7/perpustakaan-go/modules/user/repositories/user_repository.go:27.124,31.68 3 0
github.com/Zeroaril7/perpustakaan-go/modules/user/repositories/user_repository.go:31.68,33.3 1 0
github.com/Zeroaril7/perpustakaan-go/modules/user/repositories/user_repository.go:35.2,35.31 1 0
github.com/Zeroaril7/perpustakaan-go/modules/user/repositories/user_repository.go:35.31,37.3 1 0
github.com/Zeroaril7/perpustakaan-go/modules/user/repositories/user_repository.go:39.2,39.46 1 0
github.com/Zeroaril7/perpustakaan-go/modules/user/repositories/user_repository.go:39.46,41.3 1 0
github.com/Zeroaril7/perpustakaan-go/modules/user/repositories/user_repository.go:43.2,43.8 1 0
github.com/Zeroaril7/perpustakaan-go/modules/user/repositories/user_repository.go:47.110,50.2 2 7
github.com/Zeroaril7/perpustakaan-go/modules/user/repositories/user_repository.go:53.104,56.2 2 0
github.com/Zeroaril7/perpustakaan-go/modules/user/repositories/user_repository.go:58.59,60.2 1 1
github.com/Zeroaril7/perpustakaan-go/pkg/httperror/error.go:42.33,44.2 1 7
github.com/Zeroaril7/perpustakaan-go/pkg/httperror/error.go:46.37,48.2 1 1
github.com/Zeroaril7/perpustakaan-go/pkg/httperror/error.go:50.39,52.2 1 7
github.com/Zeroaril7/perpustakaan-go/pkg/httperror/error.go:54.47,56.15 2 2
github.com/Zeroaril7/perpustakaan-go/pkg/httperror/error.go:56.15,58.3 1 2
github.com/Zeroaril7/perpustakaan-go/pkg/httperror/error.go:58.8,60.3 1 0
github.com/Zeroaril7/perpustakaan-go/pkg/httperror/error.go:62.2,64.12 2 2
github.com/Zeroaril7/perpustakaan-go/pkg/httperror/error.go:67.51,70.15 2 3
github.com/Zeroaril7/perpustakaan-go/pkg/httperror/error.go:70.15,72.3 1 3
github.com/Zeroaril7/perpustakaan-go/pkg/httperror/error.go:72.8,74.3 1 0
github.com/Zeroaril7/perpustakaan-go/pkg/httperror/error.go:76.2,78.12 2 3
github.com/Zeroaril7/perpustakaan-go/pkg/httperror/error.go:81.55,84.15 2 0
github.com/Zeroaril7/perpustakaan-go/pkg/httperror/error.go:84.15,86.3 1 0
github.com/Zeroaril7/perpustakaan-go/pkg/httperror/error.go:86.8,88.3 1 0
github.com/Zeroaril7/perpustakaan-go/pkg/httperror/error.go:90.2,92.12 2 0
github.com/Zeroaril7/perpustakaan-go/pkg/httperror/error.go:95.43,98.15 2 0
github.com/Zeroaril7/perpustakaan-go/pkg/httperror/error.go:98.15,100.3 1 0
github.com/Zeroaril7/perpustakaan-go/pkg/httperror/error.go:100.8,102.3 1 0
github.com/Zeroaril7/perpustakaan-go/pkg/httperror/error.go:104.2,106.12 2 0
github.com/Zeroaril7/perpustakaan-go/pkg/httperror/error.go:109.43,112.15 2 1
github.com/Zeroaril7/perpustakaan-go/pkg/httperror/error.go:112.15,114.3 1 1
github.com/Zeroaril7/perpustakaan-go/pkg/httperror/error.go:114.8,116.3 1 0
github.com/Zeroaril7/perpustakaan-go/pkg/httperror/error.go:118.2,120.12 2 1
github.com/Zeroaril7/perpustakaan-go/pkg/httperror/error.go:123.65,126.15 2 2
github.com/Zeroaril7/perpustakaan-go/pkg/httperror/error.go:126.15,128.3 1 2
github.com/Zeroaril7/perpustakaan-go/pkg/httperror/error.go:128.8,130.3 1 0
github.com/Zeroaril7/perpustakaan-go/pkg/httperror/error.go:132.2,134.12 2 2
github.com/Zeroaril7/perpustakaan-go/pkg/httperror/error.go:137.35,139.2 1 2
github.com/Zeroaril7/perpustakaan-go/pkg/httperror/error.go:141.37,143.2 1 0
github.com/Zeroaril7/perpustakaan-go/pkg/httperror/error.go:145.34,147.2 1 0
github.com/Zeroaril7/perpustakaan-go/pkg/httperror/error.go:149.33,151.2 1 0
github.com/Zeroaril7/perpustakaan-go/pkg/httperror/error.go:153.33,155.2 1 1
github.com/Zeroaril7/perpustakaan-go/pkg/httperror/error.go:157.44,159.2 1 2
github.com/Zeroaril7/perpustakaan-go/pkg/sdk/jwtrsa/jwtrsa.go:23.48,25.16 2 3
github.com/Zeroaril7/perpustakaan-go/pkg/sdk/jwtrsa/jwtrsa.go:25.16,27.3 1 1
github.com/Zeroaril7/perpustakaan-go/pkg/sdk/jwtrsa/jwtrsa.go:29.2,31.12 2 2
github.com/Zeroaril7/perpustakaan-go/pkg/sdk/jwtrsa/jwtrsa.go:34.47,36.16 2 0
github.com/Zeroaril7/perpustakaan-go/pkg/sdk/jwtrsa/jwtrsa.go:36.16,38.3 1 0
github.com/Zeroaril7/perpustakaan-go/pkg/sdk/jwtrsa/jwtrsa.go:40.2,42.12 2 0
github.com/Zeroaril7/perpustakaan-go/pkg/sdk/jwtrsa/jwtrsa.go:45.58,48.16 2 0
github.com/Zeroaril7/perpustakaan-go/pkg/sdk/jwtrsa/jwtrsa.go:48.16,50.3 1 0
github.com/Zeroaril7/perpustakaan-go/pkg/sdk/jwtrsa/jwtrsa.go:52.2,52.24 1 0
github.com/Zeroaril7/perpustakaan-go/pkg/sdk/jwtrsa/jwtrsa.go:55.56,58.16 2 0
github.com/Zeroaril7/perpustakaan-go/pkg/sdk/jwtrsa/jwtrsa.go:58.16,60.3 1 0
github.com/Zeroaril7/perpustakaan-go/pkg/sdk/jwtrsa/jwtrsa.go:62.2,62.23 1 0
github.com/Zeroaril7/perpustakaan-go/pkg/sdk/jwtrsa/jwtrsa.go:65.92,67.16 2 3
github.com/Zeroaril7/perpustakaan-go/pkg/sdk/jwtrsa/jwtrsa.go:67.16,69.3 1 1
github.com/Zeroaril7/perpustakaan-go/pkg/sdk/jwtrsa/jwtrsa.go:71.2,75.33 3 2
github.com/Zeroaril7/perpustakaan-go/pkg/sdk/jwtrsa/jwtrsa.go:75.33,77.3 1 8
github.com/Zeroaril7/perpustakaan-go/pkg/sdk/jwtrsa/jwtrsa.go:79.2,83.22 4 2
github.com/Zeroaril7/perpustakaan-go/pkg/utils/string.go:14.42,16.14 2 0
github.com/Zeroaril7/perpustakaan-go/pkg/utils/string.go:16.14,18.3 1 0
github.com/Zeroaril7/perpustakaan-go/pkg/utils/string.go:19.2,19.18 1 0
github.com/Zeroaril7/perpustakaan-go/pkg/utils/string.go:20.14,21.22 1 0
github.com/Zeroaril7/perpustakaan-go/pkg/utils/string.go:22.11,23.33 1 0
github.com/Zeroaril7/perpustakaan-go/pkg/utils/string.go:24.13,25.44 1 0
github.com/Zeroaril7/perpustakaan-go/pkg/utils/string.go:26.12,27.40 1 0
github.com/Zeroaril7/perpustakaan-go/pkg/utils/string.go:28.15,29.57 1 0
github.com/Zeroaril7/perpustakaan-go/pkg/utils/string.go:30.15,31.31 1 0
github.com/Zeroaril7/perpustakaan-go/pkg/utils/string.go:32.10,34.17 2 0
github.com/Zeroaril7/perpustakaan-go/pkg/utils/string.go:34.17,36.4 1 0
github.com/Zeroaril7/perpustakaan-go/pkg/utils/string.go:36.9,38.4 1 0
github.com/Zeroaril7/perpustakaan-go/pkg/utils/string.go:41.2,41.15 1 0
github.com/Zeroaril7/perpustakaan-go/pkg/utils/string.go:44.36,46.18 2 0
github.com/Zeroaril7/perpustakaan-go/pkg/utils/string.go:47.14,49.32 2 0
github.com/Zeroaril7/perpustakaan-go/pkg/utils/string.go:50.11,51.24 1 0
github.com/Zeroaril7/perpustakaan-go/pkg/utils/string.go:52.13,53.26 1 0
github.com/Zeroaril7/perpustakaan-go/pkg/utils/string.go:54.15,55.28 1 0
github.com/Zeroaril7/perpustakaan-go/pkg/utils/string.go:56.14,57.47 1 0
github.com/Zeroaril7/perpustakaan-go/pkg/utils/string.go:58.10,59.18 1 0
github.com/Zeroaril7/perpustakaan-go/pkg/utils/string.go:62.2,62.15 1 0
github.com/Zeroaril7/perpustakaan-go/pkg/utils/string.go:65.40,67.18 2 0
github.com/Zeroaril7/perpustakaan-go/pkg/utils/string.go:68.14,70.44 2 0
github.com/Zeroaril7/perpustakaan-go/pkg/utils/string.go:71.11,72.26 1 0
github.com/Zeroaril7/perpustakaan-go/pkg/utils/string.go:73.13,74.28 1 0
github.com/Zeroaril7/perpustakaan-go/pkg/utils/string.go:75.15,76.30 1 0
github.com/Zeroaril7/perpustakaan-go/pkg/utils/string.go:77.14,78.59 1 0
github.com/Zeroaril7/perpustakaan-go/pkg/utils/string.go:79.10,80.20 1 0
github.com/Zeroaril7/perpustakaan-go/pkg/utils/string.go:83.2,83.15 1 0
github.com/Zeroaril7/perpustakaan-go/pkg/utils/string.go:86.31,88.2 1 0
github.com/Zeroaril7/perpustakaan-go/pkg/utils/string.go:90.48,93.21 2 0
github.com/Zeroaril7/perpustakaan-go/pkg/utils/string.go:94.9,95.43 1 0
github.com/Zeroaril7/perpustakaan-go/pkg/utils/string.go:96.9,97.42 1 0
github.com/Zeroaril7/perpustakaan-go/pkg/utils/string.go:98.9,99.41 1 0
github.com/Zeroaril7/perpustakaan-go/pkg/utils/string.go:100.9,101.21 1 0
github.com/Zeroaril7/perpustakaan-go/pkg/utils/string.go:103.2,103.18 1 0
github.com/Zeroaril7/perpustakaan-go/pkg/utils/string.go:106.43,110.2 2 1
github.com/Zeroaril7/perpustakaan-go/pkg/utils/string.go:112.52,116.2 2 4
github.com/Zeroaril7/perpustakaan-go/pkg/utils/wrapper.go:50.47,51.17 1 0
github.com/Zeroaril7/perpustakaan-go/pkg/utils/wrapper.go:51.17,53.3 1 0
github.com/Zeroaril7/perpustakaan-go/pkg/utils/wrapper.go:54.2,54.33 1 0
github.com/Zeroaril7/perpustakaan-go/pkg/utils/wrapper.go:57.46,59.2 1 0
github.com/Zeroaril7/perpustakaan-go/pkg/utils/wrapper.go:61.42,62.17 1 0
github.com/Zeroaril7/perpustakaan-go/pkg/utils/wrapper.go:62.17,64.3 1 0
github.com/Zeroaril7/perpustakaan-go/pkg/utils/wrapper.go:65.2,65.20 1 0
github.com/Zeroaril7/perpustakaan-go/pkg/utils/wrapper.go:65.20,67.3 1 0
github.com/Zeroaril7/perpustakaan-go/pkg/utils/wrapper.go:70.96,75.2 1 0
github.com/Zeroaril7/perpustakaan-go/pkg/utils/wrapper.go:77.70,83.2 1 0
github.com/Zeroaril7/perpustakaan-go/pkg/utils/wrapper.go:85.81,98.34 5 2
github.com/Zeroaril7/perpustakaan-go/pkg/utils/wrapper.go:98.34,100.3 1 2
github.com/Zeroaril7/perpustakaan-go/pkg/utils/wrapper.go:102.2,109.29 2 2
github.com/Zeroaril7/perpustakaan-go/pkg/utils/wrapper.go:112.138,125.34 5 0
github.com/Zeroaril7/perpustakaan-go/pkg/utils/wrapper.go:125.34,127.3 1 0
github.com/Zeroaril7/perpustakaan-go/pkg/utils/wrapper.go:129.2,136.35 2 0
github.com/Zeroaril7/perpustakaan-go/pkg/utils/wrapper.go:136.35,142.3 1 0
github.com/Zeroaril7/perpustakaan-go/pkg/utils/wrapper.go:144.2,144.29 1 0
github.com/Zeroaril7/perpustakaan-go/pkg/utils/wrapper.go:147.59,171.2 6 7
github.com/Zeroaril7/perpustakaan-go/pkg/utils/wrapper.go:173.30,175.2 1 2
github.com/Zeroaril7/perpustakaan-go/pkg/utils/wrapper.go:177.28,179.2 1 7
github.com/Zeroaril7/perpustakaan-go/pkg/utils/wrapper.go:181.66,184.27 2 7
github.com/Zeroaril7/perpustakaan-go/pkg/utils/wrapper.go:185.32,189.17 4 2
github.com/Zeroaril7/perpustakaan-go/pkg/utils/wrapper.go:190.34,194.17 4 3
github.com/Zeroaril7/perpustakaan-go/pkg/utils/wrapper.go:195.36,199.17 4 0
github.com/Zeroaril7/perpustakaan-go/pkg/utils/wrapper.go:200.30,204.17 4 0
github.com/Zeroaril7/perpustakaan-go/pkg/utils/wrapper.go:205.30,209.17 4 0
github.com/Zeroaril7/perpustakaan-go/pkg/utils/wrapper.go:210.41,214.17 4 2
github.com/Zeroaril7/perpustakaan-go/pkg/utils/wrapper.go:215.10,217.17 2 0
github.com/Zeroaril7/perpustakaan-go/pkg/validator/validator.go:15.58,17.35 2 8
github.com/Zeroaril7/perpustakaan-go/pkg/validator/validator.go:17.35,19.28 2 1
github.com/Zeroaril7/perpustakaan-go/pkg/validator/validator.go:19.28,21.4 1 1
github.com/Zeroaril7/perpustakaan-go/pkg/validator/validator.go:23.3,23.38 1 1
github.com/Zeroaril7/perpustakaan-go/pkg/validator/validator.go:26.2,26.12 1 7
github.com/Zeroaril7/perpustakaan-go/pkg/validator/validator.go:29.44,32.2 2 1
github.com/Zeroaril7/perpustakaan-go/pkg/httperror/error.go:42.33,44.2 1 0
github.com/Zeroaril7/perpustakaan-go/pkg/httperror/error.go:46.37,48.2 1 0
github.com/Zeroaril7/perpustakaan-go/pkg/httperror/error.go:50.39,52.2 1 0
github.com/Zeroaril7/perpustakaan-go/pkg/httperror/error.go:54.47,56.15 2 0
github.com/Zeroaril7/perpustakaan-go/pkg/httperror/error.go:56.15,58.3 1 0
github.com/Zeroaril7/perpustakaan-go/pkg/httperror/error.go:58.8,60.3 1 0
github.com/Zeroaril7/perpustakaan-go/pkg/httperror/error.go:62.2,64.12 2 0
github.com/Zeroaril7/perpustakaan-go/pkg/httperror/error.go:67.51,70.15 2 0
github.com/Zeroaril7/perpustakaan-go/pkg/httperror/error.go:70.15,72.3 1 0
github.com/Zeroaril7/perpustakaan-go/pkg/httperror/error.go:72.8,74.3 1 0
github.com/Zeroaril7/perpustakaan-go/pkg/httperror/error.go:76.2,78.12 2 0
github.com/Zeroaril7/perpustakaan-go/pkg/httperror/error.go:81.55,84.15 2 0
github.com/Zeroaril7/perpustakaan-go/pkg/httperror/error.go:84.15,86.3 1 0
github.com/Zeroaril7/perpustakaan-go/pkg/httperror/error.go:86.8,88.3 1 0
github.com/Zeroaril7/perpustakaan-go/pkg/httperror/error.go:90.2,92.12 2 0
github.com/Zeroaril7/perpustakaan-go/pkg/httperror/error.go:95.43,98.15 2 0
github.com/Zeroaril7/perpustakaan-go/pkg/httperror/error.go:98.15,100.3 1 0
github.com/Zeroaril7/perpustakaan-go/pkg/httperror/error.go:100.8,102.3 1 0
github.com/Zeroaril7/perpustakaan-go/pkg/httperror/error.go:104.2,106.12 2 0
github.com/Zeroaril7/perpustakaan-go/pkg/httperror/error.go:109.43,112.15 2 0
github.com/Zeroaril7/perpustakaan-go/pkg/httperror/error.go:112.15,114.3 1 0
github.com/Zeroaril7/perpustakaan-go/pkg/httperror/error.go:114.8,116.3 1 0
github.com/Zeroaril7/perpustakaan-go/pkg/httperror/error.go:118.2,120.12 2 0
github.com/Zeroaril7/perpustakaan-go/pkg/httperror/error.go:123.65,126.15 2 0
github.com/Zeroaril7/perpustakaan-go/pkg/httperror/error.go:126.15,128.3 1 0
github.com/Zeroaril7/perpustakaan-go/pkg/httperror/error.go:128.8,130.3 1 0
github.com/Zeroaril7/perpustakaan-go/pkg/httperror/error.go:132.2,134.12 2 0
github.com/Zeroaril7/perpustakaan-go/pkg/httperror/error.go:137.35,139.2 1 0
github.com/Zeroaril7/perpustakaan-go/pkg/httperror/error.go:141.37,143.2 1 0
github.com/Zeroaril7/perpustakaan-go/pkg/httperror/error.go:145.34,147.2 1 0
github.com/Zeroaril7/perpustakaan-go/pkg/httperror/error.go:149.33,151.2 1 0
github.com/Zeroaril7/perpustakaan-go/pkg/httperror/error.go:153.33,155.2 1 0
github.com/Zeroaril7/perpustakaan-go/pkg/httperror/error.go:157.44,159.2 1 0
github.com/Zeroaril7/perpustakaan-go/pkg/utils/string.go:14.42,16.14 2 0
github.com/Zeroaril7/perpustakaan-go/pkg/utils/string.go:16.14,18.3 1 0
github.com/Zeroaril7/perpustakaan-go/pkg/utils/string.go:19.2,19.18 1 0
github.com/Zeroaril7/perpustakaan-go/pkg/utils/string.go:20.14,21.22 1 0
github.com/Zeroaril7/perpustakaan-go/pkg/utils/string.go:22.11,23.33 1 0
github.com/Zeroaril7/perpustakaan-go/pkg/utils/string.go:24.13,25.44 1 0
github.com/Zeroaril7/perpustakaan-go/pkg/utils/string.go:26.12,27.40 1 0
github.com/Zeroaril7/perpustakaan-go/pkg/utils/string.go:28.15,29.57 1 0
github.com/Zeroaril7/perpustakaan-go/pkg/utils/string.go:30.15,31.31 1 0
github.com/Zeroaril7/perpustakaan-go/pkg/utils/string.go:32.10,34.17 2 0
github.com/Zeroaril7/perpustakaan-go/pkg/utils/string.go:34.17,36.4 1 0
github.com/Zeroaril7/perpustakaan-go/pkg/utils/string.go:36.9,38.4 1 0
github.com/Zeroaril7/perpustakaan-go/pkg/utils/string.go:41.2,41.15 1 0
github.com/Zeroaril7/perpustakaan-go/pkg/utils/string.go:44.36,46.18 2 0
github.com/Zeroaril7/perpustakaan-go/pkg/utils/string.go:47.14,49.32 2 0
github.com/Zeroaril7/perpustakaan-go/pkg/utils/string.go:50.11,51.24 1 0
github.com/Zeroaril7/perpustakaan-go/pkg/utils/string.go:52.13,53.26 1 0
github.com/Zeroaril7/perpustakaan-go/pkg/utils/string.go:54.15,55.28 1 0
github.com/Zeroaril7/perpustakaan-go/pkg/utils/string.go:56.14,57.47 1 0
github.com/Zeroaril7/perpustakaan-go/pkg/utils/string.go:58.10,59.18 1 0
github.com/Zeroaril7/perpustakaan-go/pkg/utils/string.go:62.2,62.15 1 0
github.com/Zeroaril7/perpustakaan-go/pkg/utils/string.go:65.40,67.18 2 0
github.com/Zeroaril7/perpustakaan-go/pkg/utils/string.go:68.14,70.44 2 0
github.com/Zeroaril7/perpustakaan-go/pkg/utils/string.go:71.11,72.26 1 0
github.com/Zeroaril7/perpustakaan-go/pkg/utils/string.go:73.13,74.28 1 0
github.com/Zeroaril7/perpustakaan-go/pkg/utils/string.go:75.15,76.30 1 0
github.com/Zeroaril7/perpustakaan-go/pkg/utils/string.go:77.14,78.59 1 0
github.com/Zeroaril7/perpustakaan-go/pkg/utils/string.go:79.10,80.20 1 0
github.com/Zeroaril7/perpustakaan-go/pkg/utils/string.go:83.2,83.15 1 0
github.com/Zeroaril7/perpustakaan-go/pkg/utils/string.go:86.31,88.2 1 0
github.com/Zeroaril7/perpustakaan-go/pkg/utils/string.go:90.48,93.21 2 0
github.com/Zeroaril7/perpustakaan-go/pkg/utils/string.go:94.9,95.43 1 0
github.com/Zeroaril7/perpustakaan-go/pkg/utils/string.go:96.9,97.42 1 0
github.com/Zeroaril7/perpustakaan-go/pkg/utils/string.go:98.9,99.41 1 0
github.com/Zeroaril7/perpustakaan-go/pkg/utils/string.go:100.9,101.21 1 0
github.com/Zeroaril7/perpustakaan-go/pkg/utils/string.go:103.2,103.18 1 0
github.com/Zeroaril7/perpustakaan-go/pkg/utils/string.go:106.43,110.2 2 2
github.com/Zeroaril7/perpustakaan-go/pkg/utils/string.go:112.52,116.2 2 2
github.com/Zeroaril7/perpustakaan-go/pkg/utils/wrapper.go:50.47,51.17 1 0
github.com/Zeroaril7/perpustakaan-go/pkg/utils/wrapper.go:51.17,53.3 1 0
github.com/Zeroaril7/perpustakaan-go/pkg/utils/wrapper.go:54.2,54.33 1 0
github.com/Zeroaril7/perpustakaan-go/pkg/utils/wrapper.go:57.46,59.2 1 0
github.com/Zeroaril7/perpustakaan-go/pkg/utils/wrapper.go:61.42,62.17 1 0
github.com/Zeroaril7/perpustakaan-go/pkg/utils/wrapper.go:62.17,64.3 1 0
github.com/Zeroaril7/perpustakaan-go/pkg/utils/wrapper.go:65.2,65.20 1 0
github.com/Zeroaril7/perpustakaan-go/pkg/utils/wrapper.go:65.20,67.3 1 0
github.com/Zeroaril7/perpustakaan-go/pkg/utils/wrapper.go:70.96,75.2 1 0
github.com/Zeroaril7/perpustakaan-go/pkg/utils/wrapper.go:77.70,83.2 1 0
github.com/Zeroaril7/perpustakaan-go/pkg/utils/wrapper.go:85.81,98.34 5 0
github.com/Zeroaril7/perpustakaan-go/pkg/utils/wrapper.go:98.34,100.3 1 0
github.com/Zeroaril7/perpustakaan-go/pkg/utils/wrapper.go:102.2,109.29 2 0
github.com/Zeroaril7/perpustakaan-go/pkg/utils/wrapper.go:112.138,125.34 5 0
github.com/Zeroaril7/perpustakaan-go/pkg/utils/wrapper.go:125.34,127.3 1 0
github.com/Zeroaril7/perpustakaan-go/pkg/utils/wrapper.go:129.2,136.35 2 0
github.com/Zeroaril7/perpustakaan-go/pkg/utils/wrapper.go:136.35,142.3 1 0
github.com/Zeroaril7/perpustakaan-go/pkg/utils/wrapper.go:144.2,144.29 1 0
github.com/Zeroaril7/perpustakaan-go/pkg/utils/wrapper.go:147.59,171.2 6 0
github.com/Zeroaril7/perpustakaan-go/pkg/utils/wrapper.go:173.30,175.2 1 0
github.com/Zeroaril7/perpustakaan-go/pkg/utils/wrapper.go:177.28,179.2 1 0
github.com/Zeroaril7/perpustakaan-go/pkg/utils/wrapper.go:181.66,184.27 2 0
github.com/Zeroaril7/perpustakaan-go/pkg/utils/wrapper.go:185.32,189.17 4 0
github.com/Zeroaril7/perpustakaan-go/pkg/utils/wrapper.go:190.34,194.17 4 0
github.com/Zeroaril7/perpustakaan-go/pkg/utils/wrapper.go:195.36,199.17 4 0
github.com/Zeroaril7/perpustakaan-go/pkg/utils/wrapper.go:200.30,204.17 4 0
github.com/Zeroaril7/perpustakaan-go/pkg/utils/wrapper.go:205.30,209.17 4 0
github.com/Zeroaril7/perpustakaan-go/pkg/utils/wrapper.go:210.41,214.17 4 0
github.com/Zeroaril7/perpustakaan-go/pkg/utils/wrapper.go:215.10,217.17 2 0
github.com/Zeroaril7/perpustakaan-go/config/config.go:25.13,27.2 1 1
github.com/Zeroaril7/perpustakaan-go/config/config.go:29.19,32.16 2 2
github.com/Zeroaril7/perpustakaan-go/config/config.go:32.16,34.3 1 2
github.com/Zeroaril7/perpustakaan-go/config/config.go:36.2,47.3 1 2
github.com/Zeroaril7/perpustakaan-go/config/config.go:50.48,52.2 1 0
github.com/Zeroaril7/perpustakaan-go/config/config.go:54.26,56.2 1 2
github.com/Zeroaril7/perpustakaan-go/middlewares/access.go:10.46,11.54 1 0
github.com/Zeroaril7/perpustakaan-go/middlewares/access.go:11.54,12.37 1 0
github.com/Zeroaril7/perpustakaan-go/middlewares/access.go:12.37,13.48 1 0
github.com/Zeroaril7/perpustakaan-go/middlewares/access.go:13.48,15.5 1 0
github.com/Zeroaril7/perpustakaan-go/middlewares/access.go:17.4,21.18 4 0
github.com/Zeroaril7/perpustakaan-go/middlewares/apikey.go:8.55,11.62 1 0
github.com/Zeroaril7/perpustakaan-go/middlewares/apikey.go:11.62,13.4 1 0
github.com/Zeroaril7/perpustakaan-go/middlewares/basicauth.go:8.69,10.69 1 1
github.com/Zeroaril7/perpustakaan-go/middlewares/basicauth.go:10.69,12.4 1 0
github.com/Zeroaril7/perpustakaan-go/middlewares/jwtrsa.go:11.57,14.16 2 0
github.com/Zeroaril7/perpustakaan-go/middlewares/jwtrsa.go:14.16,16.3 1 0
github.com/Zeroaril7/perpustakaan-go/middlewares/jwtrsa.go:18.2,21.4 1 0
github.com/Zeroaril7/perpustakaan-go/modules/user/handlers/user_handler.go:27.79,40.2 8 1
github.com/Zeroaril7/perpustakaan-go/modules/user/handlers/user_handler.go:43.49,46.37 2 6
github.com/Zeroaril7/perpustakaan-go/modules/user/handlers/user_handler.go:46.37,48.3 1 1
github.com/Zeroaril7/perpustakaan-go/modules/user/handlers/user_handler.go:50.2,50.41 1 5
github.com/Zeroaril7/perpustakaan-go/modules/user/handlers/user_handler.go:50.41,52.3 1 1
github.com/Zeroaril7/perpustakaan-go/modules/user/handlers/user_handler.go:54.2,62.25 6 4
github.com/Zeroaril7/perpustakaan-go/modules/user/handlers/user_handler.go:62.25,64.3 1 2
github.com/Zeroaril7/perpustakaan-go/modules/user/handlers/user_handler.go:66.2,66.74 1 2
github.com/Zeroaril7/perpustakaan-go/modules/user/handlers/user_handler.go:70.52,75.25 3 4
github.com/Zeroaril7/perpustakaan-go/modules/user/handlers/user_handler.go:75.25,77.3 1 2
github.com/Zeroaril7/perpustakaan-go/modules/user/handlers/user_handler.go:79.2,79.69 1 2
github.com/Zeroaril7/perpustakaan-go/modules/user/handlers/user_handler.go:83.49,86.39 2 6
github.com/Zeroaril7/perpustakaan-go/modules/user/handlers/user_handler.go:86.39,88.3 1 1
github.com/Zeroaril7/perpustakaan-go/modules/user/handlers/user_handler.go:90.2,90.31 1 5
github.com/Zeroaril7/perpustakaan-go/modules/user/handlers/user_handler.go:90.31,92.3 1 5
github.com/Zeroaril7/perpustakaan-go/modules/user/handlers/user_handler.go:94.2,96.25 2 5
github.com/Zeroaril7/perpustakaan-go/modules/user/handlers/user_handler.go:96.25,98.3 1 3
github.com/Zeroaril7/perpustakaan-go/modules/user/handlers/user_handler.go:100.2,100.133 1 2
github.com/Zeroaril7/perpustakaan-go/modules/user/handlers/user_handler.go:104.59,109.25 3 4
github.com/Zeroaril7/perpustakaan-go/modules/user/handlers/user_handler.go:109.25,111.3 1 2
github.com/Zeroaril7/perpustakaan-go/modules/user/handlers/user_handler.go:113.2,113.74 1 2
github.com/Zeroaril7/perpustakaan-go/modules/user/handlers/user_handler.go:117.52,122.25 3 8
github.com/Zeroaril7/perpustakaan-go/modules/user/handlers/user_handler.go:122.25,124.3 1 1
github.com/Zeroaril7/perpustakaan-go/modules/user/handlers/user_handler.go:126.2,128.31 2 7
github.com/Zeroaril7/perpustakaan-go/modules/user/handlers/user_handler.go:128.31,130.3 1 1
github.com/Zeroaril7/perpustakaan-go/modules/user/handlers/user_handler.go:132.2,133.37 2 6
github.com/Zeroaril7/perpustakaan-go/modules/user/handlers/user_handler.go:133.37,135.3 1 1
github.com/Zeroaril7/perpustakaan-go/modules/user/handlers/user_handler.go:137.2,137.41 1 5
github.com/Zeroaril7/perpustakaan-go/modules/user/handlers/user_handler.go:137.41,139.3 1 1
github.com/Zeroaril7/perpustakaan-go/modules/user/handlers/user_handler.go:141.2,141.62 1 4
github.com/Zeroaril7/perpustakaan-go/modules/user/handlers/user_handler.go:141.62,144.3 2 4
github.com/Zeroaril7/perpustakaan-go/modules/user/handlers/user_handler.go:146.2,150.25 3 4
github.com/Zeroaril7/perpustakaan-go/modules/user/handlers/user_handler.go:150.25,152.3 1 2
github.com/Zeroaril7/perpustakaan-go/modules/user/handlers/user_handler.go:154.2,154.77 1 2
github.com/Zeroaril7/perpustakaan-go/modules/user/models/helper.go:3.39,9.2 4 8
github.com/Zeroaril7/perpustakaan-go/modules/user/models/user.go:10.32,12.2 1 1
github.com/Zeroaril7/perpustakaan-go/modules/user/repositories/helper.go:8.66,9.18 1 5
github.com/Zeroaril7/perpustakaan-go/modules/user/repositories/helper.go:9.18,11.3 1 5
github.com/Zeroaril7/perpustakaan-go/modules/user/repositories/helper.go:13.2,13.11 1 5
github.com/Zeroaril7/perpustakaan-go/modules/user/repositories/user_repository.go:16.101,19.2 2 4
github.com/Zeroaril7/perpustakaan-go/modules/user/repositories/user_repository.go:22.77,24.2 1 4
github.com/Zeroaril7/perpustakaan-go/modules/user/repositories/user_repository.go:27.124,31.68 3 5
github.com/Zeroaril7/perpustakaan-go/modules/user/repositories/user_repository.go:31.68,33.3 1 1
github.com/Zeroaril7/perpustakaan-go/modules/user/repositories/user_repository.go:35.2,35.31 1 4
github.com/Zeroaril7/perpustakaan-go/modules/user/repositories/user_repository.go:35.31,37.3 1 4
github.com/Zeroaril7/perpustakaan-go/modules/user/repositories/user_repository.go:39.2,39.46 1 4
github.com/Zeroaril7/perpustakaan-go/modules/user/repositories/user_repository.go:39.46,41.3 1 2
github.com/Zeroaril7/perpustakaan-go/modules/user/repositories/user_repository.go:43.2,43.8 1 2
github.com/Zeroaril7/perpustakaan-go/modules/user/repositories/user_repository.go:47.110,50.2 2 12
github.com/Zeroaril7/perpustakaan-go/modules/user/repositories/user_repository.go:53.104,56.2 2 4
github.com/Zeroaril7/perpustakaan-go/modules/user/repositories/user_repository.go:58.59,60.2 1 1
github.com/Zeroaril7/perpustakaan-go/modules/user/usecases/user_usecase.go:17.86,20.12 2 4
github.com/Zeroaril7/perpustakaan-go/modules/user/usecases/user_usecase.go:20.12,25.17 3 4
github.com/Zeroaril7/perpustakaan-go/modules/user/usecases/user_usecase.go:25.17,28.4 2 2
github.com/Zeroaril7/perpustakaan-go/modules/user/usecases/user_usecase.go:30.3,30.48 1 2
github.com/Zeroaril7/perpustakaan-go/modules/user/usecases/user_usecase.go:33.2,33.15 1 4
github.com/Zeroaril7/perpustakaan-go/modules/user/usecases/user_usecase.go:37.88,40.12 2 4
github.com/Zeroaril7/perpustakaan-go/modules/user/usecases/user_usecase.go:40.12,45.17 3 4
github.com/Zeroaril7/perpustakaan-go/modules/user/usecases/user_usecase.go:45.17,48.4 2 2
github.com/Zeroaril7/perpustakaan-go/modules/user/usecases/user_usecase.go:50.3,50.27 1 2
github.com/Zeroaril7/perpustakaan-go/modules/user/usecases/user_usecase.go:53.2,53.15 1 4
github.com/Zeroaril7/perpustakaan-go/modules/user/usecases/user_usecase.go:57.94,60.12 2 5
github.com/Zeroaril7/perpustakaan-go/modules/user/usecases/user_usecase.go:60.12,65.17 3 5
github.com/Zeroaril7/perpustakaan-go/modules/user/usecases/user_usecase.go:65.17,68.4 2 3
github.com/Zeroaril7/perpustakaan-go/modules/user/usecases/user_usecase.go:70.3,70.53 1 2
github.com/Zeroaril7/perpustakaan-go/modules/user/usecases/user_usecase.go:73.2,73.15 1 5
github.com/Zeroaril7/perpustakaan-go/modules/user/usecases/user_usecase.go:77.95,80.12 2 12
github.com/Zeroaril7/perpustakaan-go/modules/user/usecases/user_usecase.go:80.12,85.17 3 12
github.com/Zeroaril7/perpustakaan-go/modules/user/usecases/user_usecase.go:85.17,87.4 1 3
github.com/Zeroaril7/perpustakaan-go/modules/user/usecases/user_usecase.go:89.3,89.39 1 12
github.com/Zeroaril7/perpustakaan-go/modules/user/usecases/user_usecase.go:92.2,92.15 1 12
github.com/Zeroaril7/perpustakaan-go/modules/user/usecases/user_usecase.go:96.89,99.12 2 4
github.com/Zeroaril7/perpustakaan-go/modules/user/usecases/user_usecase.go:99.12,104.17 3 4
github.com/Zeroaril7/perpustakaan-go/modules/user/usecases/user_usecase.go:104.17,106.4 1 2
github.com/Zeroaril7/perpustakaan-go/modules/user/usecases/user_usecase.go:108.3,108.39 1 4
github.com/Zeroaril7/perpustakaan-go/modules/user/usecases/user_usecase.go:111.2,111.15 1 4
github.com/Zeroaril7/perpustakaan-go/modules/user/usecases/user_usecase.go:114.78,116.2 1 1
github.com/Zeroaril7/perpustakaan-go/pkg/httperror/error.go:42.33,44.2 1 18
github.com/Zeroaril7/perpustakaan-go/pkg/httperror/error.go:46.37,48.2 1 2
github.com/Zeroaril7/perpustakaan-go/pkg/httperror/error.go:50.39,52.2 1 18
github.com/Zeroaril7/perpustakaan-go/pkg/httperror/error.go:54.47,56.15 2 5
github.com/Zeroaril7/perpustakaan-go/pkg/httperror/error.go:56.15,58.3 1 5
github.com/Zeroaril7/perpustakaan-go/pkg/httperror/error.go:58.8,60.3 1 0
github.com/Zeroaril7/perpustakaan-go/pkg/httperror/error.go:62.2,64.12 2 5
github.com/Zeroaril7/perpustakaan-go/pkg/httperror/error.go:67.51,70.15 2 0
github.com/Zeroaril7/perpustakaan-go/pkg/httperror/error.go:70.15,72.3 1 0
github.com/Zeroaril7/perpustakaan-go/pkg/httperror/error.go:72.8,74.3 1 0
github.com/Zeroaril7/perpustakaan-go/pkg/httperror/error.go:76.2,78.12 2 0
github.com/Zeroaril7/perpustakaan-go/pkg/httperror/error.go:81.55,84.15 2 0
github.com/Zeroaril7/perpustakaan-go/pkg/httperror/error.go:84.15,86.3 1 0
github.com/Zeroaril7/perpustakaan-go/pkg/httperror/error.go:86.8,88.3 1 0
github.com/Zeroaril7/perpustakaan-go/pkg/httperror/error.go:90.2,92.12 2 0
github.com/Zeroaril7/perpustakaan-go/pkg/httperror/error.go:95.43,98.15 2 1
github.com/Zeroaril7/perpustakaan-go/pkg/httperror/error.go:98.15,100.3 1 1
github.com/Zeroaril7/perpustakaan-go/pkg/httperror/error.go:100.8,102.3 1 0
github.com/Zeroaril7/perpustakaan-go/pkg/httperror/error.go:104.2,106.12 2 1
github.com/Zeroaril7/perpustakaan-go/pkg/httperror/error.go:109.43,112.15 2 2
github.com/Zeroaril7/perpustakaan-go/pkg/httperror/error.go:112.15,114.3 1 2
github.com/Zeroaril7/perpustakaan-go/pkg/httperror/error.go:114.8,116.3 1 0
github.com/Zeroaril7/perpustakaan-go/pkg/httperror/error.go:118.2,120.12 2 2
github.com/Zeroaril7/perpustakaan-go/pkg/httperror/error.go:123.65,126.15 2 12
github.com/Zeroaril7/perpustakaan-go/pkg/httperror/error.go:126.15,128.3 1 12
github.com/Zeroaril7/perpustakaan-go/pkg/httperror/error.go:128.8,130.3 1 0
github.com/Zeroaril7/perpustakaan-go/pkg/httperror/error.go:132.2,134.12 2 12
github.com/Zeroaril7/perpustakaan-go/pkg/httperror/error.go:137.35,139.2 1 5
github.com/Zeroaril7/perpustakaan-go/pkg/httperror/error.go:141.37,143.2 1 0
github.com/Zeroaril7/perpustakaan-go/pkg/httperror/error.go:145.34,147.2 1 0
github.com/Zeroaril7/perpustakaan-go/pkg/httperror/error.go:149.33,151.2 1 1
github.com/Zeroaril7/perpustakaan-go/pkg/httperror/error.go:153.33,155.2 1 2
github.com/Zeroaril7/perpustakaan-go/pkg/httperror/error.go:157.44,159.2 1 12
github.com/Zeroaril7/perpustakaan-go/pkg/sdk/jwtrsa/jwtrsa.go:23.48,25.16 2 0
github.com/Zeroaril7/perpustakaan-go/pkg/sdk/jwtrsa/jwtrsa.go:25.16,27.3 1 0
github.com/Zeroaril7/perpustakaan-go/pkg/sdk/jwtrsa/jwtrsa.go:29.2,31.12 2 0
github.com/Zeroaril7/perpustakaan-go/pkg/sdk/jwtrsa/jwtrsa.go:34.47,36.16 2 0
github.com/Zeroaril7/perpustakaan-go/pkg/sdk/jwtrsa/jwtrsa.go:36.16,38.3 1 0
github.com/Zeroaril7/perpustakaan-go/pkg/sdk/jwtrsa/jwtrsa.go:40.2,42.12 2 0
github.com/Zeroaril7/perpustakaan-go/pkg/sdk/jwtrsa/jwtrsa.go:45.58,48.16 2 0
github.com/Zeroaril7/perpustakaan-go/pkg/sdk/jwtrsa/jwtrsa.go:48.16,50.3 1 0
github.com/Zeroaril7/perpustakaan-go/pkg/sdk/jwtrsa/jwtrsa.go:52.2,52.24 1 0
github.com/Zeroaril7/perpustakaan-go/pkg/sdk/jwtrsa/jwtrsa.go:55.56,58.16 2 0
github.com/Zeroaril7/perpustakaan-go/pkg/sdk/jwtrsa/jwtrsa.go:58.16,60.3 1 0
github.com/Zeroaril7/perpustakaan-go/pkg/sdk/jwtrsa/jwtrsa.go:62.2,62.23 1 0
github.com/Zeroaril7/perpustakaan-go/pkg/sdk/jwtrsa/jwtrsa.go:65.92,67.16 2 0
github.com/Zeroaril7/perpustakaan-go/pkg/sdk/jwtrsa/jwtrsa.go:67.16,69.3 1 0
github.com/Zeroaril7/perpustakaan-go/pkg/sdk/jwtrsa/jwtrsa.go:71.2,75.33 3 0
github.com/Zeroaril7/perpustakaan-go/pkg/sdk/jwtrsa/jwtrsa.go:75.33,77.3 1 0
github.com/Zeroaril7/perpustakaan-go/pkg/sdk/jwtrsa/jwtrsa.go:79.2,83.22 4 0
github.com/Zeroaril7/perpustakaan-go/pkg/utils/string.go:14.42,16.14 2 16
github.com/Zeroaril7/perpustakaan-go/pkg/utils/string.go:16.14,18.3 1 0
github.com/Zeroaril7/perpustakaan-go/pkg/utils/string.go:19.2,19.18 1 16
github.com/Zeroaril7/perpustakaan-go/pkg/utils/string.go:20.14,21.22 1 16
github.com/Zeroaril7/perpustakaan-go/pkg/utils/string.go:22.11,23.33 1 0
github.com/Zeroaril7/perpustakaan-go/pkg/utils/string.go:24.13,25.44 1 0
github.com/Zeroaril7/perpustakaan-go/pkg/utils/string.go:26.12,27.40 1 0
github.com/Zeroaril7/perpustakaan-go/pkg/utils/string.go:28.15,29.57 1 0
github.com/Zeroaril7/perpustakaan-go/pkg/utils/string.go:30.15,31.31 1 0
github.com/Zeroaril7/perpustakaan-go/pkg/utils/string.go:32.10,34.17 2 0
github.com/Zeroaril7/perpustakaan-go/pkg/utils/string.go:34.17,36.4 1 0
github.com/Zeroaril7/perpustakaan-go/pkg/utils/string.go:36.9,38.4 1 0
github.com/Zeroaril7/perpustakaan-go/pkg/utils/string.go:41.2,41.15 1 16
github.com/Zeroaril7/perpustakaan-go/pkg/utils/string.go:44.36,46.18 2 0
github.com/Zeroaril7/perpustakaan-go/pkg/utils/string.go:47.14,49.32 2 0
github.com/Zeroaril7/perpustakaan-go/pkg/utils/string.go:50.11,51.24 1 0
github.com/Zeroaril7/perpustakaan-go/pkg/utils/string.go:52.13,53.26 1 0
github.com/Zeroaril7/perpustakaan-go/pkg/utils/string.go:54.15,55.28 1 0
github.com/Zeroaril7/perpustakaan-go/pkg/utils/string.go:56.14,57.47 1 0
github.com/Zeroaril7/perpustakaan-go/pkg/utils/string.go:58.10,59.18 1 0
github.com/Zeroaril7/perpustakaan-go/pkg/utils/string.go:62.2,62.15 1 0
github.com/Zeroaril7/perpustakaan-go/pkg/utils/string.go:65.40,67.18 2 0
github.com/Zeroaril7/perpustakaan-go/pkg/utils/string.go:68.14,70.44 2 0
github.com/Zeroaril7/perpustakaan-go/pkg/utils/string.go:71.11,72.26 1 0
github.com/Zeroaril7/perpustakaan-go/pkg/utils/string.go:73.13,74.28 1 0
github.com/Zeroaril7/perpustakaan-go/pkg/utils/string.go:75.15,76.30 1 0
github.com/Zeroaril7/perpustakaan-go/pkg/utils/string.go:77.14,78.59 1 0
github.com/Zeroaril7/perpustakaan-go/pkg/utils/string.go:79.10,80.20 1 0
github.com/Zeroaril7/perpustakaan-go/pkg/utils/string.go:83.2,83.15 1 0
github.com/Zeroaril7/perpustakaan-go/pkg/utils/string.go:86.31,88.2 1 0
github.com/Zeroaril7/perpustakaan-go/pkg/utils/string.go:90.48,93.21 2 0
github.com/Zeroaril7/perpustakaan-go/pkg/utils/string.go:94.9,95.43 1 0
github.com/Zeroaril7/perpustakaan-go/pkg/utils/string.go:96.9,97.42 1 0
github.com/Zeroaril7/perpustakaan-go/pkg/utils/string.go:98.9,99.41 1 0
github.com/Zeroaril7/perpustakaan-go/pkg/utils/string.go:100.9,101.21 1 0
github.com/Zeroaril7/perpustakaan-go/pkg/utils/string.go:103.2,103.18 1 0
github.com/Zeroaril7/perpustakaan-go/pkg/utils/string.go:106.43,110.2 2 9
github.com/Zeroaril7/perpustakaan-go/pkg/utils/string.go:112.52,116.2 2 4
github.com/Zeroaril7/perpustakaan-go/pkg/utils/wrapper.go:50.47,51.17 1 4
github.com/Zeroaril7/perpustakaan-go/pkg/utils/wrapper.go:51.17,53.3 1 4
github.com/Zeroaril7/perpustakaan-go/pkg/utils/wrapper.go:54.2,54.33 1 0
github.com/Zeroaril7/perpustakaan-go/pkg/utils/wrapper.go:57.46,59.2 1 4
github.com/Zeroaril7/perpustakaan-go/pkg/utils/wrapper.go:61.42,62.17 1 5
github.com/Zeroaril7/perpustakaan-go/pkg/utils/wrapper.go:62.17,64.3 1 0
github.com/Zeroaril7/perpustakaan-go/pkg/utils/wrapper.go:65.2,65.20 1 5
github.com/Zeroaril7/perpustakaan-go/pkg/utils/wrapper.go:65.20,67.3 1 0
github.com/Zeroaril7/perpustakaan-go/pkg/utils/wrapper.go:70.96,75.2 1 0
github.com/Zeroaril7/perpustakaan-go/pkg/utils/wrapper.go:77.70,83.2 1 2
github.com/Zeroaril7/perpustakaan-go/pkg/utils/wrapper.go:85.81,98.34 5 8
github.com/Zeroaril7/perpustakaan-go/pkg/utils/wrapper.go:98.34,100.3 1 8
github.com/Zeroaril7/perpustakaan-go/pkg/utils/wrapper.go:102.2,109.29 2 8
github.com/Zeroaril7/perpustakaan-go/pkg/utils/wrapper.go:112.138,125.34 5 2
github.com/Zeroaril7/perpustakaan-go/pkg/utils/wrapper.go:125.34,127.3 1 2
github.com/Zeroaril7/perpustakaan-go/pkg/utils/wrapper.go:129.2,136.35 2 2
github.com/Zeroaril7/perpustakaan-go/pkg/utils/wrapper.go:136.35,142.3 1 2
github.com/Zeroaril7/perpustakaan-go/pkg/utils/wrapper.go:144.2,144.29 1 2
github.com/Zeroaril7/perpustakaan-go/pkg/utils/wrapper.go:147.59,171.2 6 18
github.com/Zeroaril7/perpustakaan-go/pkg/utils/wrapper.go:173.30,175.2 1 10
github.com/Zeroaril7/perpustakaan-go/pkg/utils/wrapper.go:177.28,179.2 1 18
github.com/Zeroaril7/perpustakaan-go/pkg/utils/wrapper.go:181.66,184.27 2 18
github.com/Zeroaril7/perpustakaan-go/pkg/utils/wrapper.go:185.32,189.17 4 5
github.com/Zeroaril7/perpustakaan-go/pkg/utils/wrapper.go:190.34,194.17 4 0
github.com/Zeroaril7/perpustakaan-go/pkg/utils/wrapper.go:195.36,199.17 4 0
github.com/Zeroaril7/perpustakaan-go/pkg/utils/wrapper.go:200.30,204.17 4 1
github.com/Zeroaril7/perpustakaan-go/pkg/utils/wrapper.go:205.30,209.17 4 0
github.com/Zeroaril7/perpustakaan-go/pkg/utils/wrapper.go:210.41,214.17 4 12
github.com/Zeroaril7/perpustakaan-go/pkg/utils/wrapper.go:215.10,217.17 2 0
github.com/Zeroaril7/perpustakaan-go/pkg/validator/validator.go:15.58,17.35 2 10
github.com/Zeroaril7/perpustakaan-go/pkg/validator/validator.go:17.35,19.28 2 2
github.com/Zeroaril7/perpustakaan-go/pkg/validator/validator.go:19.28,21.4 1 2
github.com/Zeroaril7/perpustakaan-go/pkg/validator/validator.go:23.3,23.38 1 2
github.com/Zeroaril7/perpustakaan-go/pkg/validator/validator.go:26.2,26.12 1 8
github.com/Zeroaril7/perpustakaan-go/pkg/validator/validator.go:29.44,32.2 2 1
